This is pdfTeX, Version 3.14159265-2.6-1.40.18 (TeX Live 2017) (preloaded format=pdflatex 2017.10.2)  8 NOV 2017 12:08
entering extended mode
 restricted \write18 enabled.
 %&-line parsing enabled.
**article_vol3.tex
(./article_vol3.tex
LaTeX2e <2017-04-15>
Babel <3.13> and hyphenation patterns for 84 language(s) loaded.
(./jss.cls
Document Class: jss 2015/09/01 3.0 jss class by Achim Zeileis
(/usr/local/texlive/2017/texmf-dist/tex/latex/base/article.cls
Document Class: article 2014/09/29 v1.4h Standard LaTeX document class
(/usr/local/texlive/2017/texmf-dist/tex/latex/base/size11.clo
File: size11.clo 2014/09/29 v1.4h Standard LaTeX file (size option)
)
\c@part=\count79
\c@section=\count80
\c@subsection=\count81
\c@subsubsection=\count82
\c@paragraph=\count83
\c@subparagraph=\count84
\c@figure=\count85
\c@table=\count86
\abovecaptionskip=\skip41
\belowcaptionskip=\skip42
\bibindent=\dimen102
)
(/usr/local/texlive/2017/texmf-dist/tex/latex/graphics/graphicx.sty
Package: graphicx 2014/10/28 v1.0g Enhanced LaTeX Graphics (DPC,SPQR)

(/usr/local/texlive/2017/texmf-dist/tex/latex/graphics/keyval.sty
Package: keyval 2014/10/28 v1.15 key=value parser (DPC)
\KV@toks@=\toks14
)
(/usr/local/texlive/2017/texmf-dist/tex/latex/graphics/graphics.sty
Package: graphics 2017/04/14 v1.1b Standard LaTeX Graphics (DPC,SPQR)

(/usr/local/texlive/2017/texmf-dist/tex/latex/graphics/trig.sty
Package: trig 2016/01/03 v1.10 sin cos tan (DPC)
)
(/usr/local/texlive/2017/texmf-dist/tex/latex/graphics-cfg/graphics.cfg
File: graphics.cfg 2016/06/04 v1.11 sample graphics configuration
)
Package graphics Info: Driver file: pdftex.def on input line 99.

(/usr/local/texlive/2017/texmf-dist/tex/latex/graphics-def/pdftex.def
File: pdftex.def 2017/01/12 v0.06k Graphics/color for pdfTeX

(/usr/local/texlive/2017/texmf-dist/tex/generic/oberdiek/infwarerr.sty
Package: infwarerr 2016/05/16 v1.4 Providing info/warning/error messages (HO)
)
(/usr/local/texlive/2017/texmf-dist/tex/generic/oberdiek/ltxcmds.sty
Package: ltxcmds 2016/05/16 v1.23 LaTeX kernel commands for general use (HO)
)
\Gread@gobject=\count87
))
\Gin@req@height=\dimen103
\Gin@req@width=\dimen104
)
(/usr/local/texlive/2017/texmf-dist/tex/latex/graphics/color.sty
Package: color 2016/07/10 v1.1e Standard LaTeX Color (DPC)

(/usr/local/texlive/2017/texmf-dist/tex/latex/graphics-cfg/color.cfg
File: color.cfg 2016/01/02 v1.6 sample color configuration
)
Package color Info: Driver file: pdftex.def on input line 147.
)
(/usr/local/texlive/2017/texmf-dist/tex/latex/ae/ae.sty
Package: ae 2001/02/12 1.3 Almost European Computer Modern

(/usr/local/texlive/2017/texmf-dist/tex/latex/base/fontenc.sty
Package: fontenc 2017/04/05 v2.0i Standard LaTeX package

(/usr/local/texlive/2017/texmf-dist/tex/latex/base/t1enc.def
File: t1enc.def 2017/04/05 v2.0i Standard LaTeX file
LaTeX Font Info:    Redeclaring font encoding T1 on input line 48.
)
LaTeX Font Info:    Try loading font information for T1+aer on input line 105.

(/usr/local/texlive/2017/texmf-dist/tex/latex/ae/t1aer.fd
File: t1aer.fd 1997/11/16 Font definitions for T1/aer.
)))
(/usr/local/texlive/2017/texmf-dist/tex/latex/fancyvrb/fancyvrb.sty
Package: fancyvrb 2008/02/07

Style option: `fancyvrb' v2.7a, with DG/SPQR fixes, and firstline=lastline fix 
<2008/02/07> (tvz)
\FV@CodeLineNo=\count88
\FV@InFile=\read1
\FV@TabBox=\box26
\c@FancyVerbLine=\count89
\FV@StepNumber=\count90
\FV@OutFile=\write3
)
(/usr/local/texlive/2017/texmf-dist/tex/latex/base/fontenc.sty
Package: fontenc 2017/04/05 v2.0i Standard LaTeX package

(/usr/local/texlive/2017/texmf-dist/tex/latex/base/t1enc.def
File: t1enc.def 2017/04/05 v2.0i Standard LaTeX file
LaTeX Font Info:    Redeclaring font encoding T1 on input line 48.
))
(/usr/local/texlive/2017/texmf-dist/tex/latex/upquote/upquote.sty
Package: upquote 2012/04/19 v1.3 upright-quote and grave-accent glyphs in verba
tim

(/usr/local/texlive/2017/texmf-dist/tex/latex/base/textcomp.sty
Package: textcomp 2017/04/05 v2.0i Standard LaTeX package
Package textcomp Info: Sub-encoding information:
(textcomp)               5 = only ISO-Adobe without \textcurrency
(textcomp)               4 = 5 + \texteuro
(textcomp)               3 = 4 + \textohm
(textcomp)               2 = 3 + \textestimated + \textcurrency
(textcomp)               1 = TS1 - \textcircled - \t
(textcomp)               0 = TS1 (full)
(textcomp)             Font families with sub-encoding setting implement
(textcomp)             only a restricted character set as indicated.
(textcomp)             Family '?' is the default used for unknown fonts.
(textcomp)             See the documentation for details.
Package textcomp Info: Setting ? sub-encoding to TS1/1 on input line 79.

(/usr/local/texlive/2017/texmf-dist/tex/latex/base/ts1enc.def
File: ts1enc.def 2001/06/05 v3.0e (jk/car/fm) Standard LaTeX file
)
LaTeX Info: Redefining \oldstylenums on input line 334.
Package textcomp Info: Setting cmr sub-encoding to TS1/0 on input line 349.
Package textcomp Info: Setting cmss sub-encoding to TS1/0 on input line 350.
Package textcomp Info: Setting cmtt sub-encoding to TS1/0 on input line 351.
Package textcomp Info: Setting cmvtt sub-encoding to TS1/0 on input line 352.
Package textcomp Info: Setting cmbr sub-encoding to TS1/0 on input line 353.
Package textcomp Info: Setting cmtl sub-encoding to TS1/0 on input line 354.
Package textcomp Info: Setting ccr sub-encoding to TS1/0 on input line 355.
Package textcomp Info: Setting ptm sub-encoding to TS1/4 on input line 356.
Package textcomp Info: Setting pcr sub-encoding to TS1/4 on input line 357.
Package textcomp Info: Setting phv sub-encoding to TS1/4 on input line 358.
Package textcomp Info: Setting ppl sub-encoding to TS1/3 on input line 359.
Package textcomp Info: Setting pag sub-encoding to TS1/4 on input line 360.
Package textcomp Info: Setting pbk sub-encoding to TS1/4 on input line 361.
Package textcomp Info: Setting pnc sub-encoding to TS1/4 on input line 362.
Package textcomp Info: Setting pzc sub-encoding to TS1/4 on input line 363.
Package textcomp Info: Setting bch sub-encoding to TS1/4 on input line 364.
Package textcomp Info: Setting put sub-encoding to TS1/5 on input line 365.
Package textcomp Info: Setting uag sub-encoding to TS1/5 on input line 366.
Package textcomp Info: Setting ugq sub-encoding to TS1/5 on input line 367.
Package textcomp Info: Setting ul8 sub-encoding to TS1/4 on input line 368.
Package textcomp Info: Setting ul9 sub-encoding to TS1/4 on input line 369.
Package textcomp Info: Setting augie sub-encoding to TS1/5 on input line 370.
Package textcomp Info: Setting dayrom sub-encoding to TS1/3 on input line 371.
Package textcomp Info: Setting dayroms sub-encoding to TS1/3 on input line 372.

Package textcomp Info: Setting pxr sub-encoding to TS1/0 on input line 373.
Package textcomp Info: Setting pxss sub-encoding to TS1/0 on input line 374.
Package textcomp Info: Setting pxtt sub-encoding to TS1/0 on input line 375.
Package textcomp Info: Setting txr sub-encoding to TS1/0 on input line 376.
Package textcomp Info: Setting txss sub-encoding to TS1/0 on input line 377.
Package textcomp Info: Setting txtt sub-encoding to TS1/0 on input line 378.
Package textcomp Info: Setting lmr sub-encoding to TS1/0 on input line 379.
Package textcomp Info: Setting lmdh sub-encoding to TS1/0 on input line 380.
Package textcomp Info: Setting lmss sub-encoding to TS1/0 on input line 381.
Package textcomp Info: Setting lmssq sub-encoding to TS1/0 on input line 382.
Package textcomp Info: Setting lmvtt sub-encoding to TS1/0 on input line 383.
Package textcomp Info: Setting lmtt sub-encoding to TS1/0 on input line 384.
Package textcomp Info: Setting qhv sub-encoding to TS1/0 on input line 385.
Package textcomp Info: Setting qag sub-encoding to TS1/0 on input line 386.
Package textcomp Info: Setting qbk sub-encoding to TS1/0 on input line 387.
Package textcomp Info: Setting qcr sub-encoding to TS1/0 on input line 388.
Package textcomp Info: Setting qcs sub-encoding to TS1/0 on input line 389.
Package textcomp Info: Setting qpl sub-encoding to TS1/0 on input line 390.
Package textcomp Info: Setting qtm sub-encoding to TS1/0 on input line 391.
Package textcomp Info: Setting qzc sub-encoding to TS1/0 on input line 392.
Package textcomp Info: Setting qhvc sub-encoding to TS1/0 on input line 393.
Package textcomp Info: Setting futs sub-encoding to TS1/4 on input line 394.
Package textcomp Info: Setting futx sub-encoding to TS1/4 on input line 395.
Package textcomp Info: Setting futj sub-encoding to TS1/4 on input line 396.
Package textcomp Info: Setting hlh sub-encoding to TS1/3 on input line 397.
Package textcomp Info: Setting hls sub-encoding to TS1/3 on input line 398.
Package textcomp Info: Setting hlst sub-encoding to TS1/3 on input line 399.
Package textcomp Info: Setting hlct sub-encoding to TS1/5 on input line 400.
Package textcomp Info: Setting hlx sub-encoding to TS1/5 on input line 401.
Package textcomp Info: Setting hlce sub-encoding to TS1/5 on input line 402.
Package textcomp Info: Setting hlcn sub-encoding to TS1/5 on input line 403.
Package textcomp Info: Setting hlcw sub-encoding to TS1/5 on input line 404.
Package textcomp Info: Setting hlcf sub-encoding to TS1/5 on input line 405.
Package textcomp Info: Setting pplx sub-encoding to TS1/3 on input line 406.
Package textcomp Info: Setting pplj sub-encoding to TS1/3 on input line 407.
Package textcomp Info: Setting ptmx sub-encoding to TS1/4 on input line 408.
Package textcomp Info: Setting ptmj sub-encoding to TS1/4 on input line 409.
))
(/usr/local/texlive/2017/texmf-dist/tex/latex/natbib/natbib.sty
Package: natbib 2010/09/13 8.31b (PWD, AO)
\bibhang=\skip43
\bibsep=\skip44
LaTeX Info: Redefining \cite on input line 694.
\c@NAT@ctr=\count91
)
\footerskip=\skip45

(/usr/local/texlive/2017/texmf-dist/tex/latex/hyperref/hyperref.sty
Package: hyperref 2017/03/14 v6.85a Hypertext links for LaTeX

(/usr/local/texlive/2017/texmf-dist/tex/generic/oberdiek/hobsub-hyperref.sty
Package: hobsub-hyperref 2016/05/16 v1.14 Bundle oberdiek, subset hyperref (HO)


(/usr/local/texlive/2017/texmf-dist/tex/generic/oberdiek/hobsub-generic.sty
Package: hobsub-generic 2016/05/16 v1.14 Bundle oberdiek, subset generic (HO)
Package: hobsub 2016/05/16 v1.14 Construct package bundles (HO)
Package hobsub Info: Skipping package `infwarerr' (already loaded).
Package hobsub Info: Skipping package `ltxcmds' (already loaded).
Package: ifluatex 2016/05/16 v1.4 Provides the ifluatex switch (HO)
Package ifluatex Info: LuaTeX not detected.
Package: ifvtex 2016/05/16 v1.6 Detect VTeX and its facilities (HO)
Package ifvtex Info: VTeX not detected.
Package: intcalc 2016/05/16 v1.2 Expandable calculations with integers (HO)
Package: ifpdf 2017/03/15 v3.2 Provides the ifpdf switch
Package: etexcmds 2016/05/16 v1.6 Avoid name clashes with e-TeX commands (HO)
Package etexcmds Info: Could not find \expanded.
(etexcmds)             That can mean that you are not using pdfTeX 1.50 or
(etexcmds)             that some package has redefined \expanded.
(etexcmds)             In the latter case, load this package earlier.
Package: kvsetkeys 2016/05/16 v1.17 Key value parser (HO)
Package: kvdefinekeys 2016/05/16 v1.4 Define keys (HO)
Package: pdftexcmds 2017/03/19 v0.25 Utility functions of pdfTeX for LuaTeX (HO
)
Package pdftexcmds Info: LuaTeX not detected.
Package pdftexcmds Info: \pdf@primitive is available.
Package pdftexcmds Info: \pdf@ifprimitive is available.
Package pdftexcmds Info: \pdfdraftmode found.
Package: pdfescape 2016/05/16 v1.14 Implements pdfTeX's escape features (HO)
Package: bigintcalc 2016/05/16 v1.4 Expandable calculations on big integers (HO
)
Package: bitset 2016/05/16 v1.2 Handle bit-vector datatype (HO)
Package: uniquecounter 2016/05/16 v1.3 Provide unlimited unique counter (HO)
)
Package hobsub Info: Skipping package `hobsub' (already loaded).
Package: letltxmacro 2016/05/16 v1.5 Let assignment for LaTeX macros (HO)
Package: hopatch 2016/05/16 v1.3 Wrapper for package hooks (HO)
Package: xcolor-patch 2016/05/16 xcolor patch
Package: atveryend 2016/05/16 v1.9 Hooks at the very end of document (HO)
Package atveryend Info: \enddocument detected (standard20110627).
Package: atbegshi 2016/06/09 v1.18 At begin shipout hook (HO)
Package: refcount 2016/05/16 v3.5 Data extraction from label references (HO)
Package: hycolor 2016/05/16 v1.8 Color options for hyperref/bookmark (HO)
)
(/usr/local/texlive/2017/texmf-dist/tex/generic/ifxetex/ifxetex.sty
Package: ifxetex 2010/09/12 v0.6 Provides ifxetex conditional
)
(/usr/local/texlive/2017/texmf-dist/tex/latex/oberdiek/auxhook.sty
Package: auxhook 2016/05/16 v1.4 Hooks for auxiliary files (HO)
)
(/usr/local/texlive/2017/texmf-dist/tex/latex/oberdiek/kvoptions.sty
Package: kvoptions 2016/05/16 v3.12 Key value format for package options (HO)
)
\@linkdim=\dimen105
\Hy@linkcounter=\count92
\Hy@pagecounter=\count93

(/usr/local/texlive/2017/texmf-dist/tex/latex/hyperref/pd1enc.def
File: pd1enc.def 2017/03/14 v6.85a Hyperref: PDFDocEncoding definition (HO)
)
\Hy@SavedSpaceFactor=\count94

(/usr/local/texlive/2017/texmf-dist/tex/latex/latexconfig/hyperref.cfg
File: hyperref.cfg 2002/06/06 v1.2 hyperref configuration of TeXLive
)
Package hyperref Info: Hyper figures OFF on input line 4498.
Package hyperref Info: Link nesting OFF on input line 4503.
Package hyperref Info: Hyper index ON on input line 4506.
Package hyperref Info: Plain pages OFF on input line 4513.
Package hyperref Info: Backreferencing OFF on input line 4518.
Package hyperref Info: Implicit mode ON; LaTeX internals redefined.
Package hyperref Info: Bookmarks ON on input line 4751.
\c@Hy@tempcnt=\count95

(/usr/local/texlive/2017/texmf-dist/tex/latex/url/url.sty
\Urlmuskip=\muskip10
Package: url 2013/09/16  ver 3.4  Verb mode for urls, etc.
)
LaTeX Info: Redefining \url on input line 5104.
\XeTeXLinkMargin=\dimen106
\Fld@menulength=\count96
\Field@Width=\dimen107
\Fld@charsize=\dimen108
Package hyperref Info: Hyper figures OFF on input line 6358.
Package hyperref Info: Link nesting OFF on input line 6363.
Package hyperref Info: Hyper index ON on input line 6366.
Package hyperref Info: backreferencing OFF on input line 6373.
Package hyperref Info: Link coloring OFF on input line 6378.
Package hyperref Info: Link coloring with OCG OFF on input line 6383.
Package hyperref Info: PDF/A mode OFF on input line 6388.
LaTeX Info: Redefining \ref on input line 6428.
LaTeX Info: Redefining \pageref on input line 6432.
\Hy@abspage=\count97
\c@Item=\count98
\c@Hfootnote=\count99
)

Package hyperref Message: Driver (autodetected): hpdftex.

(/usr/local/texlive/2017/texmf-dist/tex/latex/hyperref/hpdftex.def
File: hpdftex.def 2017/03/14 v6.85a Hyperref driver for pdfTeX
\Fld@listcount=\count100
\c@bookmark@seq@number=\count101

(/usr/local/texlive/2017/texmf-dist/tex/latex/oberdiek/rerunfilecheck.sty
Package: rerunfilecheck 2016/05/16 v1.8 Rerun checks for auxiliary files (HO)
Package uniquecounter Info: New unique counter `rerunfilecheck' on input line 2
82.
)
\Hy@SectionHShift=\skip46
)
\preXLskip=\skip47
\preLskip=\skip48
\preMskip=\skip49
\preSskip=\skip50
\postMskip=\skip51
\postSskip=\skip52


Package hyperref Warning: Option `hyperindex' has already been used,
(hyperref)                setting the option has no effect on input line 466.

Package hyperref Info: Option `colorlinks' set `true' on input line 466.
Package hyperref Info: Option `linktocpage' set `true' on input line 466.
Package hyperref Info: Option `plainpages' set `false' on input line 466.
) (/usr/local/texlive/2017/texmf-dist/tex/latex/base/inputenc.sty
Package: inputenc 2015/03/17 v1.2c Input encoding file
\inpenc@prehook=\toks15
\inpenc@posthook=\toks16

(/usr/local/texlive/2017/texmf-dist/tex/latex/base/utf8.def
File: utf8.def 2017/01/28 v1.1t UTF-8 support for inputenc
Now handling font encoding OML ...
... no UTF-8 mapping file for font encoding OML
Now handling font encoding T1 ...
... processing UTF-8 mapping file for font encoding T1

(/usr/local/texlive/2017/texmf-dist/tex/latex/base/t1enc.dfu
File: t1enc.dfu 2017/01/28 v1.1t UTF-8 support for inputenc
   defining Unicode char U+00A0 (decimal 160)
   defining Unicode char U+00A1 (decimal 161)
   defining Unicode char U+00A3 (decimal 163)
   defining Unicode char U+00AB (decimal 171)
   defining Unicode char U+00AD (decimal 173)
   defining Unicode char U+00BB (decimal 187)
   defining Unicode char U+00BF (decimal 191)
   defining Unicode char U+00C0 (decimal 192)
   defining Unicode char U+00C1 (decimal 193)
   defining Unicode char U+00C2 (decimal 194)
   defining Unicode char U+00C3 (decimal 195)
   defining Unicode char U+00C4 (decimal 196)
   defining Unicode char U+00C5 (decimal 197)
   defining Unicode char U+00C6 (decimal 198)
   defining Unicode char U+00C7 (decimal 199)
   defining Unicode char U+00C8 (decimal 200)
   defining Unicode char U+00C9 (decimal 201)
   defining Unicode char U+00CA (decimal 202)
   defining Unicode char U+00CB (decimal 203)
   defining Unicode char U+00CC (decimal 204)
   defining Unicode char U+00CD (decimal 205)
   defining Unicode char U+00CE (decimal 206)
   defining Unicode char U+00CF (decimal 207)
   defining Unicode char U+00D0 (decimal 208)
   defining Unicode char U+00D1 (decimal 209)
   defining Unicode char U+00D2 (decimal 210)
   defining Unicode char U+00D3 (decimal 211)
   defining Unicode char U+00D4 (decimal 212)
   defining Unicode char U+00D5 (decimal 213)
   defining Unicode char U+00D6 (decimal 214)
   defining Unicode char U+00D8 (decimal 216)
   defining Unicode char U+00D9 (decimal 217)
   defining Unicode char U+00DA (decimal 218)
   defining Unicode char U+00DB (decimal 219)
   defining Unicode char U+00DC (decimal 220)
   defining Unicode char U+00DD (decimal 221)
   defining Unicode char U+00DE (decimal 222)
   defining Unicode char U+00DF (decimal 223)
   defining Unicode char U+00E0 (decimal 224)
   defining Unicode char U+00E1 (decimal 225)
   defining Unicode char U+00E2 (decimal 226)
   defining Unicode char U+00E3 (decimal 227)
   defining Unicode char U+00E4 (decimal 228)
   defining Unicode char U+00E5 (decimal 229)
   defining Unicode char U+00E6 (decimal 230)
   defining Unicode char U+00E7 (decimal 231)
   defining Unicode char U+00E8 (decimal 232)
   defining Unicode char U+00E9 (decimal 233)
   defining Unicode char U+00EA (decimal 234)
   defining Unicode char U+00EB (decimal 235)
   defining Unicode char U+00EC (decimal 236)
   defining Unicode char U+00ED (decimal 237)
   defining Unicode char U+00EE (decimal 238)
   defining Unicode char U+00EF (decimal 239)
   defining Unicode char U+00F0 (decimal 240)
   defining Unicode char U+00F1 (decimal 241)
   defining Unicode char U+00F2 (decimal 242)
   defining Unicode char U+00F3 (decimal 243)
   defining Unicode char U+00F4 (decimal 244)
   defining Unicode char U+00F5 (decimal 245)
   defining Unicode char U+00F6 (decimal 246)
   defining Unicode char U+00F8 (decimal 248)
   defining Unicode char U+00F9 (decimal 249)
   defining Unicode char U+00FA (decimal 250)
   defining Unicode char U+00FB (decimal 251)
   defining Unicode char U+00FC (decimal 252)
   defining Unicode char U+00FD (decimal 253)
   defining Unicode char U+00FE (decimal 254)
   defining Unicode char U+00FF (decimal 255)
   defining Unicode char U+0100 (decimal 256)
   defining Unicode char U+0101 (decimal 257)
   defining Unicode char U+0102 (decimal 258)
   defining Unicode char U+0103 (decimal 259)
   defining Unicode char U+0104 (decimal 260)
   defining Unicode char U+0105 (decimal 261)
   defining Unicode char U+0106 (decimal 262)
   defining Unicode char U+0107 (decimal 263)
   defining Unicode char U+0108 (decimal 264)
   defining Unicode char U+0109 (decimal 265)
   defining Unicode char U+010A (decimal 266)
   defining Unicode char U+010B (decimal 267)
   defining Unicode char U+010C (decimal 268)
   defining Unicode char U+010D (decimal 269)
   defining Unicode char U+010E (decimal 270)
   defining Unicode char U+010F (decimal 271)
   defining Unicode char U+0110 (decimal 272)
   defining Unicode char U+0111 (decimal 273)
   defining Unicode char U+0112 (decimal 274)
   defining Unicode char U+0113 (decimal 275)
   defining Unicode char U+0114 (decimal 276)
   defining Unicode char U+0115 (decimal 277)
   defining Unicode char U+0116 (decimal 278)
   defining Unicode char U+0117 (decimal 279)
   defining Unicode char U+0118 (decimal 280)
   defining Unicode char U+0119 (decimal 281)
   defining Unicode char U+011A (decimal 282)
   defining Unicode char U+011B (decimal 283)
   defining Unicode char U+011C (decimal 284)
   defining Unicode char U+011D (decimal 285)
   defining Unicode char U+011E (decimal 286)
   defining Unicode char U+011F (decimal 287)
   defining Unicode char U+0120 (decimal 288)
   defining Unicode char U+0121 (decimal 289)
   defining Unicode char U+0122 (decimal 290)
   defining Unicode char U+0123 (decimal 291)
   defining Unicode char U+0124 (decimal 292)
   defining Unicode char U+0125 (decimal 293)
   defining Unicode char U+0128 (decimal 296)
   defining Unicode char U+0129 (decimal 297)
   defining Unicode char U+012A (decimal 298)
   defining Unicode char U+012B (decimal 299)
   defining Unicode char U+012C (decimal 300)
   defining Unicode char U+012D (decimal 301)
   defining Unicode char U+012E (decimal 302)
   defining Unicode char U+012F (decimal 303)
   defining Unicode char U+0130 (decimal 304)
   defining Unicode char U+0131 (decimal 305)
   defining Unicode char U+0132 (decimal 306)
   defining Unicode char U+0133 (decimal 307)
   defining Unicode char U+0134 (decimal 308)
   defining Unicode char U+0135 (decimal 309)
   defining Unicode char U+0136 (decimal 310)
   defining Unicode char U+0137 (decimal 311)
   defining Unicode char U+0139 (decimal 313)
   defining Unicode char U+013A (decimal 314)
   defining Unicode char U+013B (decimal 315)
   defining Unicode char U+013C (decimal 316)
   defining Unicode char U+013D (decimal 317)
   defining Unicode char U+013E (decimal 318)
   defining Unicode char U+0141 (decimal 321)
   defining Unicode char U+0142 (decimal 322)
   defining Unicode char U+0143 (decimal 323)
   defining Unicode char U+0144 (decimal 324)
   defining Unicode char U+0145 (decimal 325)
   defining Unicode char U+0146 (decimal 326)
   defining Unicode char U+0147 (decimal 327)
   defining Unicode char U+0148 (decimal 328)
   defining Unicode char U+014A (decimal 330)
   defining Unicode char U+014B (decimal 331)
   defining Unicode char U+014C (decimal 332)
   defining Unicode char U+014D (decimal 333)
   defining Unicode char U+014E (decimal 334)
   defining Unicode char U+014F (decimal 335)
   defining Unicode char U+0150 (decimal 336)
   defining Unicode char U+0151 (decimal 337)
   defining Unicode char U+0152 (decimal 338)
   defining Unicode char U+0153 (decimal 339)
   defining Unicode char U+0154 (decimal 340)
   defining Unicode char U+0155 (decimal 341)
   defining Unicode char U+0156 (decimal 342)
   defining Unicode char U+0157 (decimal 343)
   defining Unicode char U+0158 (decimal 344)
   defining Unicode char U+0159 (decimal 345)
   defining Unicode char U+015A (decimal 346)
   defining Unicode char U+015B (decimal 347)
   defining Unicode char U+015C (decimal 348)
   defining Unicode char U+015D (decimal 349)
   defining Unicode char U+015E (decimal 350)
   defining Unicode char U+015F (decimal 351)
   defining Unicode char U+0160 (decimal 352)
   defining Unicode char U+0161 (decimal 353)
   defining Unicode char U+0162 (decimal 354)
   defining Unicode char U+0163 (decimal 355)
   defining Unicode char U+0164 (decimal 356)
   defining Unicode char U+0165 (decimal 357)
   defining Unicode char U+0168 (decimal 360)
   defining Unicode char U+0169 (decimal 361)
   defining Unicode char U+016A (decimal 362)
   defining Unicode char U+016B (decimal 363)
   defining Unicode char U+016C (decimal 364)
   defining Unicode char U+016D (decimal 365)
   defining Unicode char U+016E (decimal 366)
   defining Unicode char U+016F (decimal 367)
   defining Unicode char U+0170 (decimal 368)
   defining Unicode char U+0171 (decimal 369)
   defining Unicode char U+0172 (decimal 370)
   defining Unicode char U+0173 (decimal 371)
   defining Unicode char U+0174 (decimal 372)
   defining Unicode char U+0175 (decimal 373)
   defining Unicode char U+0176 (decimal 374)
   defining Unicode char U+0177 (decimal 375)
   defining Unicode char U+0178 (decimal 376)
   defining Unicode char U+0179 (decimal 377)
   defining Unicode char U+017A (decimal 378)
   defining Unicode char U+017B (decimal 379)
   defining Unicode char U+017C (decimal 380)
   defining Unicode char U+017D (decimal 381)
   defining Unicode char U+017E (decimal 382)
   defining Unicode char U+01CD (decimal 461)
   defining Unicode char U+01CE (decimal 462)
   defining Unicode char U+01CF (decimal 463)
   defining Unicode char U+01D0 (decimal 464)
   defining Unicode char U+01D1 (decimal 465)
   defining Unicode char U+01D2 (decimal 466)
   defining Unicode char U+01D3 (decimal 467)
   defining Unicode char U+01D4 (decimal 468)
   defining Unicode char U+01E2 (decimal 482)
   defining Unicode char U+01E3 (decimal 483)
   defining Unicode char U+01E6 (decimal 486)
   defining Unicode char U+01E7 (decimal 487)
   defining Unicode char U+01E8 (decimal 488)
   defining Unicode char U+01E9 (decimal 489)
   defining Unicode char U+01EA (decimal 490)
   defining Unicode char U+01EB (decimal 491)
   defining Unicode char U+01F0 (decimal 496)
   defining Unicode char U+01F4 (decimal 500)
   defining Unicode char U+01F5 (decimal 501)
   defining Unicode char U+0218 (decimal 536)
   defining Unicode char U+0219 (decimal 537)
   defining Unicode char U+021A (decimal 538)
   defining Unicode char U+021B (decimal 539)
   defining Unicode char U+0232 (decimal 562)
   defining Unicode char U+0233 (decimal 563)
   defining Unicode char U+1E02 (decimal 7682)
   defining Unicode char U+1E03 (decimal 7683)
   defining Unicode char U+200C (decimal 8204)
   defining Unicode char U+2010 (decimal 8208)
   defining Unicode char U+2011 (decimal 8209)
   defining Unicode char U+2012 (decimal 8210)
   defining Unicode char U+2013 (decimal 8211)
   defining Unicode char U+2014 (decimal 8212)
   defining Unicode char U+2015 (decimal 8213)
   defining Unicode char U+2018 (decimal 8216)
   defining Unicode char U+2019 (decimal 8217)
   defining Unicode char U+201A (decimal 8218)
   defining Unicode char U+201C (decimal 8220)
   defining Unicode char U+201D (decimal 8221)
   defining Unicode char U+201E (decimal 8222)
   defining Unicode char U+2030 (decimal 8240)
   defining Unicode char U+2031 (decimal 8241)
   defining Unicode char U+2039 (decimal 8249)
   defining Unicode char U+203A (decimal 8250)
   defining Unicode char U+2423 (decimal 9251)
   defining Unicode char U+1E20 (decimal 7712)
   defining Unicode char U+1E21 (decimal 7713)
)
Now handling font encoding OT1 ...
... processing UTF-8 mapping file for font encoding OT1

(/usr/local/texlive/2017/texmf-dist/tex/latex/base/ot1enc.dfu
File: ot1enc.dfu 2017/01/28 v1.1t UTF-8 support for inputenc
   defining Unicode char U+00A0 (decimal 160)
   defining Unicode char U+00A1 (decimal 161)
   defining Unicode char U+00A3 (decimal 163)
   defining Unicode char U+00AD (decimal 173)
   defining Unicode char U+00B8 (decimal 184)
   defining Unicode char U+00BF (decimal 191)
   defining Unicode char U+00C5 (decimal 197)
   defining Unicode char U+00C6 (decimal 198)
   defining Unicode char U+00D8 (decimal 216)
   defining Unicode char U+00DF (decimal 223)
   defining Unicode char U+00E6 (decimal 230)
   defining Unicode char U+00EC (decimal 236)
   defining Unicode char U+00ED (decimal 237)
   defining Unicode char U+00EE (decimal 238)
   defining Unicode char U+00EF (decimal 239)
   defining Unicode char U+00F8 (decimal 248)
   defining Unicode char U+0131 (decimal 305)
   defining Unicode char U+0141 (decimal 321)
   defining Unicode char U+0142 (decimal 322)
   defining Unicode char U+0152 (decimal 338)
   defining Unicode char U+0153 (decimal 339)
   defining Unicode char U+0174 (decimal 372)
   defining Unicode char U+0175 (decimal 373)
   defining Unicode char U+0176 (decimal 374)
   defining Unicode char U+0177 (decimal 375)
   defining Unicode char U+0218 (decimal 536)
   defining Unicode char U+0219 (decimal 537)
   defining Unicode char U+021A (decimal 538)
   defining Unicode char U+021B (decimal 539)
   defining Unicode char U+2013 (decimal 8211)
   defining Unicode char U+2014 (decimal 8212)
   defining Unicode char U+2018 (decimal 8216)
   defining Unicode char U+2019 (decimal 8217)
   defining Unicode char U+201C (decimal 8220)
   defining Unicode char U+201D (decimal 8221)
)
Now handling font encoding OMS ...
... processing UTF-8 mapping file for font encoding OMS

(/usr/local/texlive/2017/texmf-dist/tex/latex/base/omsenc.dfu
File: omsenc.dfu 2017/01/28 v1.1t UTF-8 support for inputenc
   defining Unicode char U+00A7 (decimal 167)
   defining Unicode char U+00B6 (decimal 182)
   defining Unicode char U+00B7 (decimal 183)
   defining Unicode char U+2020 (decimal 8224)
   defining Unicode char U+2021 (decimal 8225)
   defining Unicode char U+2022 (decimal 8226)
)
Now handling font encoding OMX ...
... no UTF-8 mapping file for font encoding OMX
Now handling font encoding U ...
... no UTF-8 mapping file for font encoding U
Now handling font encoding TS1 ...
... processing UTF-8 mapping file for font encoding TS1

(/usr/local/texlive/2017/texmf-dist/tex/latex/base/ts1enc.dfu
File: ts1enc.dfu 2017/01/28 v1.1t UTF-8 support for inputenc
   defining Unicode char U+00A2 (decimal 162)
   defining Unicode char U+00A3 (decimal 163)
   defining Unicode char U+00A4 (decimal 164)
   defining Unicode char U+00A5 (decimal 165)
   defining Unicode char U+00A6 (decimal 166)
   defining Unicode char U+00A7 (decimal 167)
   defining Unicode char U+00A8 (decimal 168)
   defining Unicode char U+00A9 (decimal 169)
   defining Unicode char U+00AA (decimal 170)
   defining Unicode char U+00AC (decimal 172)
   defining Unicode char U+00AE (decimal 174)
   defining Unicode char U+00AF (decimal 175)
   defining Unicode char U+00B0 (decimal 176)
   defining Unicode char U+00B1 (decimal 177)
   defining Unicode char U+00B2 (decimal 178)
   defining Unicode char U+00B3 (decimal 179)
   defining Unicode char U+00B4 (decimal 180)
   defining Unicode char U+00B5 (decimal 181)
   defining Unicode char U+00B6 (decimal 182)
   defining Unicode char U+00B7 (decimal 183)
   defining Unicode char U+00B9 (decimal 185)
   defining Unicode char U+00BA (decimal 186)
   defining Unicode char U+00BC (decimal 188)
   defining Unicode char U+00BD (decimal 189)
   defining Unicode char U+00BE (decimal 190)
   defining Unicode char U+00D7 (decimal 215)
   defining Unicode char U+00F7 (decimal 247)
   defining Unicode char U+0192 (decimal 402)
   defining Unicode char U+02C7 (decimal 711)
   defining Unicode char U+02D8 (decimal 728)
   defining Unicode char U+02DD (decimal 733)
   defining Unicode char U+0E3F (decimal 3647)
   defining Unicode char U+2016 (decimal 8214)
   defining Unicode char U+2020 (decimal 8224)
   defining Unicode char U+2021 (decimal 8225)
   defining Unicode char U+2022 (decimal 8226)
   defining Unicode char U+2030 (decimal 8240)
   defining Unicode char U+2031 (decimal 8241)
   defining Unicode char U+203B (decimal 8251)
   defining Unicode char U+203D (decimal 8253)
   defining Unicode char U+2044 (decimal 8260)
   defining Unicode char U+204E (decimal 8270)
   defining Unicode char U+2052 (decimal 8274)
   defining Unicode char U+20A1 (decimal 8353)
   defining Unicode char U+20A4 (decimal 8356)
   defining Unicode char U+20A6 (decimal 8358)
   defining Unicode char U+20A9 (decimal 8361)
   defining Unicode char U+20AB (decimal 8363)
   defining Unicode char U+20AC (decimal 8364)
   defining Unicode char U+20B1 (decimal 8369)
   defining Unicode char U+2103 (decimal 8451)
   defining Unicode char U+2116 (decimal 8470)
   defining Unicode char U+2117 (decimal 8471)
   defining Unicode char U+211E (decimal 8478)
   defining Unicode char U+2120 (decimal 8480)
   defining Unicode char U+2122 (decimal 8482)
   defining Unicode char U+2126 (decimal 8486)
   defining Unicode char U+2127 (decimal 8487)
   defining Unicode char U+212E (decimal 8494)
   defining Unicode char U+2190 (decimal 8592)
   defining Unicode char U+2191 (decimal 8593)
   defining Unicode char U+2192 (decimal 8594)
   defining Unicode char U+2193 (decimal 8595)
   defining Unicode char U+2329 (decimal 9001)
   defining Unicode char U+232A (decimal 9002)
   defining Unicode char U+2422 (decimal 9250)
   defining Unicode char U+25E6 (decimal 9702)
   defining Unicode char U+25EF (decimal 9711)
   defining Unicode char U+266A (decimal 9834)
)
Now handling font encoding PD1 ...
... no UTF-8 mapping file for font encoding PD1
   defining Unicode char U+00A9 (decimal 169)
   defining Unicode char U+00AA (decimal 170)
   defining Unicode char U+00AE (decimal 174)
   defining Unicode char U+00BA (decimal 186)
   defining Unicode char U+02C6 (decimal 710)
   defining Unicode char U+02DC (decimal 732)
   defining Unicode char U+200C (decimal 8204)
   defining Unicode char U+2026 (decimal 8230)
   defining Unicode char U+2122 (decimal 8482)
   defining Unicode char U+2423 (decimal 9251)
))
(/usr/local/texlive/2017/texmf-dist/tex/latex/pdfpages/pdfpages.sty
Package: pdfpages 2017/01/14 v0.5h Insert pages of external PDF documents (AM)

(/usr/local/texlive/2017/texmf-dist/tex/latex/base/ifthen.sty
Package: ifthen 2014/09/29 v1.1c Standard LaTeX ifthen package (DPC)
)
(/usr/local/texlive/2017/texmf-dist/tex/latex/tools/calc.sty
Package: calc 2014/10/28 v4.3 Infix arithmetic (KKT,FJ)
\calc@Acount=\count102
\calc@Bcount=\count103
\calc@Adimen=\dimen109
\calc@Bdimen=\dimen110
\calc@Askip=\skip53
\calc@Bskip=\skip54
LaTeX Info: Redefining \setlength on input line 80.
LaTeX Info: Redefining \addtolength on input line 81.
\calc@Ccount=\count104
\calc@Cskip=\skip55
)
(/usr/local/texlive/2017/texmf-dist/tex/latex/eso-pic/eso-pic.sty
Package: eso-pic 2015/07/21 v2.0g eso-pic (RN)
)
\AM@pagewidth=\dimen111
\AM@pageheight=\dimen112

(/usr/local/texlive/2017/texmf-dist/tex/latex/pdfpages/pppdftex.def
File: pppdftex.def 2017/01/14 v0.5h Pdfpages driver for pdfTeX (AM)
)
\AM@pagebox=\box27
\AM@global@opts=\toks17
\AM@toc@title=\toks18
\c@AM@survey=\count105
\AM@templatesizebox=\box28
)
(/usr/local/texlive/2017/texmf-dist/tex/latex/tools/xspace.sty
Package: xspace 2014/10/28 v1.13 Space after command names (DPC,MH)
)
(/usr/local/texlive/2017/texmf-dist/tex/latex/tools/array.sty
Package: array 2016/10/06 v2.4d Tabular extension package (FMi)
\col@sep=\dimen113
\extrarowheight=\dimen114
\NC@list=\toks19
\extratabsurround=\skip56
\backup@length=\skip57
)
(/usr/local/texlive/2017/texmf-dist/tex/latex/pgf/frontendlayer/tikz.sty
(/usr/local/texlive/2017/texmf-dist/tex/latex/pgf/basiclayer/pgf.sty
(/usr/local/texlive/2017/texmf-dist/tex/latex/pgf/utilities/pgfrcs.sty
(/usr/local/texlive/2017/texmf-dist/tex/generic/pgf/utilities/pgfutil-common.te
x
\pgfutil@everybye=\toks20
\pgfutil@tempdima=\dimen115
\pgfutil@tempdimb=\dimen116

(/usr/local/texlive/2017/texmf-dist/tex/generic/pgf/utilities/pgfutil-common-li
sts.tex))
(/usr/local/texlive/2017/texmf-dist/tex/generic/pgf/utilities/pgfutil-latex.def
\pgfutil@abb=\box29
(/usr/local/texlive/2017/texmf-dist/tex/latex/ms/everyshi.sty
Package: everyshi 2001/05/15 v3.00 EveryShipout Package (MS)
))
(/usr/local/texlive/2017/texmf-dist/tex/generic/pgf/utilities/pgfrcs.code.tex
Package: pgfrcs 2015/08/07 v3.0.1a (rcs-revision 1.31)
))
Package: pgf 2015/08/07 v3.0.1a (rcs-revision 1.15)
(/usr/local/texlive/2017/texmf-dist/tex/latex/pgf/basiclayer/pgfcore.sty
(/usr/local/texlive/2017/texmf-dist/tex/latex/pgf/systemlayer/pgfsys.sty
(/usr/local/texlive/2017/texmf-dist/tex/generic/pgf/systemlayer/pgfsys.code.tex
Package: pgfsys 2014/07/09 v3.0.1a (rcs-revision 1.48)
(/usr/local/texlive/2017/texmf-dist/tex/generic/pgf/utilities/pgfkeys.code.tex
\pgfkeys@pathtoks=\toks21
\pgfkeys@temptoks=\toks22

(/usr/local/texlive/2017/texmf-dist/tex/generic/pgf/utilities/pgfkeysfiltered.c
ode.tex
\pgfkeys@tmptoks=\toks23
))
\pgf@x=\dimen117
\pgf@y=\dimen118
\pgf@xa=\dimen119
\pgf@ya=\dimen120
\pgf@xb=\dimen121
\pgf@yb=\dimen122
\pgf@xc=\dimen123
\pgf@yc=\dimen124
\w@pgf@writea=\write4
\r@pgf@reada=\read2
\c@pgf@counta=\count106
\c@pgf@countb=\count107
\c@pgf@countc=\count108
\c@pgf@countd=\count109
\t@pgf@toka=\toks24
\t@pgf@tokb=\toks25
\t@pgf@tokc=\toks26

(/usr/local/texlive/2017/texmf-dist/tex/generic/pgf/systemlayer/pgf.cfg
File: pgf.cfg 2008/05/14  (rcs-revision 1.7)
)
Driver file for pgf: pgfsys-pdftex.def

(/usr/local/texlive/2017/texmf-dist/tex/generic/pgf/systemlayer/pgfsys-pdftex.d
ef
File: pgfsys-pdftex.def 2014/10/11  (rcs-revision 1.35)

(/usr/local/texlive/2017/texmf-dist/tex/generic/pgf/systemlayer/pgfsys-common-p
df.def
File: pgfsys-common-pdf.def 2013/10/10  (rcs-revision 1.13)
)))
(/usr/local/texlive/2017/texmf-dist/tex/generic/pgf/systemlayer/pgfsyssoftpath.
code.tex
File: pgfsyssoftpath.code.tex 2013/09/09  (rcs-revision 1.9)
\pgfsyssoftpath@smallbuffer@items=\count110
\pgfsyssoftpath@bigbuffer@items=\count111
)
(/usr/local/texlive/2017/texmf-dist/tex/generic/pgf/systemlayer/pgfsysprotocol.
code.tex
File: pgfsysprotocol.code.tex 2006/10/16  (rcs-revision 1.4)
)) (/usr/local/texlive/2017/texmf-dist/tex/latex/xcolor/xcolor.sty
Package: xcolor 2016/05/11 v2.12 LaTeX color extensions (UK)

(/usr/local/texlive/2017/texmf-dist/tex/latex/graphics-cfg/color.cfg
File: color.cfg 2016/01/02 v1.6 sample color configuration
)
Package xcolor Info: Driver file: pdftex.def on input line 225.
LaTeX Info: Redefining \color on input line 709.
Package xcolor Info: Model `cmy' substituted by `cmy0' on input line 1348.
Package xcolor Info: Model `hsb' substituted by `rgb' on input line 1352.
Package xcolor Info: Model `RGB' extended on input line 1364.
Package xcolor Info: Model `HTML' substituted by `rgb' on input line 1366.
Package xcolor Info: Model `Hsb' substituted by `hsb' on input line 1367.
Package xcolor Info: Model `tHsb' substituted by `hsb' on input line 1368.
Package xcolor Info: Model `HSB' substituted by `hsb' on input line 1369.
Package xcolor Info: Model `Gray' substituted by `gray' on input line 1370.
Package xcolor Info: Model `wave' substituted by `hsb' on input line 1371.
)
(/usr/local/texlive/2017/texmf-dist/tex/generic/pgf/basiclayer/pgfcore.code.tex
Package: pgfcore 2010/04/11 v3.0.1a (rcs-revision 1.7)
(/usr/local/texlive/2017/texmf-dist/tex/generic/pgf/math/pgfmath.code.tex
(/usr/local/texlive/2017/texmf-dist/tex/generic/pgf/math/pgfmathcalc.code.tex
(/usr/local/texlive/2017/texmf-dist/tex/generic/pgf/math/pgfmathutil.code.tex)
(/usr/local/texlive/2017/texmf-dist/tex/generic/pgf/math/pgfmathparser.code.tex
\pgfmath@dimen=\dimen125
\pgfmath@count=\count112
\pgfmath@box=\box30
\pgfmath@toks=\toks27
\pgfmath@stack@operand=\toks28
\pgfmath@stack@operation=\toks29
)
(/usr/local/texlive/2017/texmf-dist/tex/generic/pgf/math/pgfmathfunctions.code.
tex
(/usr/local/texlive/2017/texmf-dist/tex/generic/pgf/math/pgfmathfunctions.basic
.code.tex)
(/usr/local/texlive/2017/texmf-dist/tex/generic/pgf/math/pgfmathfunctions.trigo
nometric.code.tex)
(/usr/local/texlive/2017/texmf-dist/tex/generic/pgf/math/pgfmathfunctions.rando
m.code.tex)
(/usr/local/texlive/2017/texmf-dist/tex/generic/pgf/math/pgfmathfunctions.compa
rison.code.tex)
(/usr/local/texlive/2017/texmf-dist/tex/generic/pgf/math/pgfmathfunctions.base.
code.tex)
(/usr/local/texlive/2017/texmf-dist/tex/generic/pgf/math/pgfmathfunctions.round
.code.tex)
(/usr/local/texlive/2017/texmf-dist/tex/generic/pgf/math/pgfmathfunctions.misc.
code.tex)
(/usr/local/texlive/2017/texmf-dist/tex/generic/pgf/math/pgfmathfunctions.integ
erarithmetics.code.tex)))
(/usr/local/texlive/2017/texmf-dist/tex/generic/pgf/math/pgfmathfloat.code.tex
\c@pgfmathroundto@lastzeros=\count113
))
(/usr/local/texlive/2017/texmf-dist/tex/generic/pgf/basiclayer/pgfcorepoints.co
de.tex
File: pgfcorepoints.code.tex 2013/10/07  (rcs-revision 1.27)
\pgf@picminx=\dimen126
\pgf@picmaxx=\dimen127
\pgf@picminy=\dimen128
\pgf@picmaxy=\dimen129
\pgf@pathminx=\dimen130
\pgf@pathmaxx=\dimen131
\pgf@pathminy=\dimen132
\pgf@pathmaxy=\dimen133
\pgf@xx=\dimen134
\pgf@xy=\dimen135
\pgf@yx=\dimen136
\pgf@yy=\dimen137
\pgf@zx=\dimen138
\pgf@zy=\dimen139
)
(/usr/local/texlive/2017/texmf-dist/tex/generic/pgf/basiclayer/pgfcorepathconst
ruct.code.tex
File: pgfcorepathconstruct.code.tex 2013/10/07  (rcs-revision 1.29)
\pgf@path@lastx=\dimen140
\pgf@path@lasty=\dimen141
)
(/usr/local/texlive/2017/texmf-dist/tex/generic/pgf/basiclayer/pgfcorepathusage
.code.tex
File: pgfcorepathusage.code.tex 2014/11/02  (rcs-revision 1.24)
\pgf@shorten@end@additional=\dimen142
\pgf@shorten@start@additional=\dimen143
)
(/usr/local/texlive/2017/texmf-dist/tex/generic/pgf/basiclayer/pgfcorescopes.co
de.tex
File: pgfcorescopes.code.tex 2015/05/08  (rcs-revision 1.46)
\pgfpic=\box31
\pgf@hbox=\box32
\pgf@layerbox@main=\box33
\pgf@picture@serial@count=\count114
)
(/usr/local/texlive/2017/texmf-dist/tex/generic/pgf/basiclayer/pgfcoregraphicst
ate.code.tex
File: pgfcoregraphicstate.code.tex 2014/11/02  (rcs-revision 1.12)
\pgflinewidth=\dimen144
)
(/usr/local/texlive/2017/texmf-dist/tex/generic/pgf/basiclayer/pgfcoretransform
ations.code.tex
File: pgfcoretransformations.code.tex 2015/08/07  (rcs-revision 1.20)
\pgf@pt@x=\dimen145
\pgf@pt@y=\dimen146
\pgf@pt@temp=\dimen147
)
(/usr/local/texlive/2017/texmf-dist/tex/generic/pgf/basiclayer/pgfcorequick.cod
e.tex
File: pgfcorequick.code.tex 2008/10/09  (rcs-revision 1.3)
)
(/usr/local/texlive/2017/texmf-dist/tex/generic/pgf/basiclayer/pgfcoreobjects.c
ode.tex
File: pgfcoreobjects.code.tex 2006/10/11  (rcs-revision 1.2)
)
(/usr/local/texlive/2017/texmf-dist/tex/generic/pgf/basiclayer/pgfcorepathproce
ssing.code.tex
File: pgfcorepathprocessing.code.tex 2013/09/09  (rcs-revision 1.9)
)
(/usr/local/texlive/2017/texmf-dist/tex/generic/pgf/basiclayer/pgfcorearrows.co
de.tex
File: pgfcorearrows.code.tex 2015/05/14  (rcs-revision 1.43)
\pgfarrowsep=\dimen148
)
(/usr/local/texlive/2017/texmf-dist/tex/generic/pgf/basiclayer/pgfcoreshade.cod
e.tex
File: pgfcoreshade.code.tex 2013/07/15  (rcs-revision 1.15)
\pgf@max=\dimen149
\pgf@sys@shading@range@num=\count115
)
(/usr/local/texlive/2017/texmf-dist/tex/generic/pgf/basiclayer/pgfcoreimage.cod
e.tex
File: pgfcoreimage.code.tex 2013/07/15  (rcs-revision 1.18)

(/usr/local/texlive/2017/texmf-dist/tex/generic/pgf/basiclayer/pgfcoreexternal.
code.tex
File: pgfcoreexternal.code.tex 2014/07/09  (rcs-revision 1.21)
\pgfexternal@startupbox=\box34
))
(/usr/local/texlive/2017/texmf-dist/tex/generic/pgf/basiclayer/pgfcorelayers.co
de.tex
File: pgfcorelayers.code.tex 2013/07/18  (rcs-revision 1.7)
)
(/usr/local/texlive/2017/texmf-dist/tex/generic/pgf/basiclayer/pgfcoretranspare
ncy.code.tex
File: pgfcoretransparency.code.tex 2013/09/30  (rcs-revision 1.5)
)
(/usr/local/texlive/2017/texmf-dist/tex/generic/pgf/basiclayer/pgfcorepatterns.
code.tex
File: pgfcorepatterns.code.tex 2013/11/07  (rcs-revision 1.5)
)))
(/usr/local/texlive/2017/texmf-dist/tex/generic/pgf/modules/pgfmoduleshapes.cod
e.tex
File: pgfmoduleshapes.code.tex 2014/03/21  (rcs-revision 1.35)
\pgfnodeparttextbox=\box35
)
(/usr/local/texlive/2017/texmf-dist/tex/generic/pgf/modules/pgfmoduleplot.code.
tex
File: pgfmoduleplot.code.tex 2015/08/03  (rcs-revision 1.13)
)
(/usr/local/texlive/2017/texmf-dist/tex/latex/pgf/compatibility/pgfcomp-version
-0-65.sty
Package: pgfcomp-version-0-65 2007/07/03 v3.0.1a (rcs-revision 1.7)
\pgf@nodesepstart=\dimen150
\pgf@nodesepend=\dimen151
)
(/usr/local/texlive/2017/texmf-dist/tex/latex/pgf/compatibility/pgfcomp-version
-1-18.sty
Package: pgfcomp-version-1-18 2007/07/23 v3.0.1a (rcs-revision 1.1)
))
(/usr/local/texlive/2017/texmf-dist/tex/latex/pgf/utilities/pgffor.sty
(/usr/local/texlive/2017/texmf-dist/tex/latex/pgf/utilities/pgfkeys.sty
(/usr/local/texlive/2017/texmf-dist/tex/generic/pgf/utilities/pgfkeys.code.tex)
) (/usr/local/texlive/2017/texmf-dist/tex/latex/pgf/math/pgfmath.sty
(/usr/local/texlive/2017/texmf-dist/tex/generic/pgf/math/pgfmath.code.tex))
(/usr/local/texlive/2017/texmf-dist/tex/generic/pgf/utilities/pgffor.code.tex
Package: pgffor 2013/12/13 v3.0.1a (rcs-revision 1.25)

(/usr/local/texlive/2017/texmf-dist/tex/generic/pgf/math/pgfmath.code.tex)
\pgffor@iter=\dimen152
\pgffor@skip=\dimen153
\pgffor@stack=\toks30
\pgffor@toks=\toks31
))
(/usr/local/texlive/2017/texmf-dist/tex/generic/pgf/frontendlayer/tikz/tikz.cod
e.tex
Package: tikz 2015/08/07 v3.0.1a (rcs-revision 1.151)

(/usr/local/texlive/2017/texmf-dist/tex/generic/pgf/libraries/pgflibraryplothan
dlers.code.tex
File: pgflibraryplothandlers.code.tex 2013/08/31 v3.0.1a (rcs-revision 1.20)
\pgf@plot@mark@count=\count116
\pgfplotmarksize=\dimen154
)
\tikz@lastx=\dimen155
\tikz@lasty=\dimen156
\tikz@lastxsaved=\dimen157
\tikz@lastysaved=\dimen158
\tikzleveldistance=\dimen159
\tikzsiblingdistance=\dimen160
\tikz@figbox=\box36
\tikz@figbox@bg=\box37
\tikz@tempbox=\box38
\tikz@tempbox@bg=\box39
\tikztreelevel=\count117
\tikznumberofchildren=\count118
\tikznumberofcurrentchild=\count119
\tikz@fig@count=\count120

(/usr/local/texlive/2017/texmf-dist/tex/generic/pgf/modules/pgfmodulematrix.cod
e.tex
File: pgfmodulematrix.code.tex 2013/09/17  (rcs-revision 1.8)
\pgfmatrixcurrentrow=\count121
\pgfmatrixcurrentcolumn=\count122
\pgf@matrix@numberofcolumns=\count123
)
\tikz@expandcount=\count124

(/usr/local/texlive/2017/texmf-dist/tex/generic/pgf/frontendlayer/tikz/librarie
s/tikzlibrarytopaths.code.tex
File: tikzlibrarytopaths.code.tex 2008/06/17 v3.0.1a (rcs-revision 1.2)
)))
(/usr/local/texlive/2017/texmf-dist/tex/generic/pgf/frontendlayer/tikz/librarie
s/tikzlibraryshapes.geometric.code.tex
File: tikzlibraryshapes.geometric.code.tex 2008/01/09 v3.0.1a (rcs-revision 1.1
)

(/usr/local/texlive/2017/texmf-dist/tex/generic/pgf/libraries/shapes/pgflibrary
shapes.geometric.code.tex
File: pgflibraryshapes.geometric.code.tex 2008/06/26 v3.0.1a (rcs-revision 1.1)

))
(/usr/local/texlive/2017/texmf-dist/tex/generic/pgf/frontendlayer/tikz/librarie
s/tikzlibraryarrows.code.tex
File: tikzlibraryarrows.code.tex 2008/01/09 v3.0.1a (rcs-revision 1.1)

(/usr/local/texlive/2017/texmf-dist/tex/generic/pgf/libraries/pgflibraryarrows.
code.tex
File: pgflibraryarrows.code.tex 2013/09/23 v3.0.1a (rcs-revision 1.16)
\arrowsize=\dimen161
)) (./article_vol3.aux)
\openout1 = `article_vol3.aux'.

LaTeX Font Info:    Checking defaults for OML/cmm/m/it on input line 118.
LaTeX Font Info:    ... okay on input line 118.
LaTeX Font Info:    Checking defaults for T1/cmr/m/n on input line 118.
LaTeX Font Info:    ... okay on input line 118.
LaTeX Font Info:    Checking defaults for OT1/cmr/m/n on input line 118.
LaTeX Font Info:    ... okay on input line 118.
LaTeX Font Info:    Checking defaults for OMS/cmsy/m/n on input line 118.
LaTeX Font Info:    ... okay on input line 118.
LaTeX Font Info:    Checking defaults for OMX/cmex/m/n on input line 118.
LaTeX Font Info:    ... okay on input line 118.
LaTeX Font Info:    Checking defaults for U/cmr/m/n on input line 118.
LaTeX Font Info:    ... okay on input line 118.
LaTeX Font Info:    Checking defaults for TS1/cmr/m/n on input line 118.
LaTeX Font Info:    Try loading font information for TS1+cmr on input line 118.


(/usr/local/texlive/2017/texmf-dist/tex/latex/base/ts1cmr.fd
File: ts1cmr.fd 2014/09/29 v2.5h Standard LaTeX font definitions
)
LaTeX Font Info:    ... okay on input line 118.
LaTeX Font Info:    Checking defaults for PD1/pdf/m/n on input line 118.
LaTeX Font Info:    ... okay on input line 118.

(/usr/local/texlive/2017/texmf-dist/tex/context/base/mkii/supp-pdf.mkii
[Loading MPS to PDF converter (version 2006.09.02).]
\scratchcounter=\count125
\scratchdimen=\dimen162
\scratchbox=\box40
\nofMPsegments=\count126
\nofMParguments=\count127
\everyMPshowfont=\toks32
\MPscratchCnt=\count128
\MPscratchDim=\dimen163
\MPnumerator=\count129
\makeMPintoPDFobject=\count130
\everyMPtoPDFconversion=\toks33
) (/usr/local/texlive/2017/texmf-dist/tex/latex/oberdiek/epstopdf-base.sty
Package: epstopdf-base 2016/05/15 v2.6 Base part for package epstopdf

(/usr/local/texlive/2017/texmf-dist/tex/latex/oberdiek/grfext.sty
Package: grfext 2016/05/16 v1.2 Manage graphics extensions (HO)
)
Package epstopdf-base Info: Redefining graphics rule for `.eps' on input line 4
38.
Package grfext Info: Graphics extension search list:
(grfext)             [.png,.pdf,.jpg,.mps,.jpeg,.jbig2,.jb2,.PNG,.PDF,.JPG,.JPE
G,.JBIG2,.JB2,.eps]
(grfext)             \AppendGraphicsExtensions on input line 456.

(/usr/local/texlive/2017/texmf-dist/tex/latex/latexconfig/epstopdf-sys.cfg
File: epstopdf-sys.cfg 2010/07/13 v1.3 Configuration of (r)epstopdf for TeX Liv
e
))
\AtBeginShipoutBox=\box41
Package hyperref Info: Link coloring ON on input line 118.

(/usr/local/texlive/2017/texmf-dist/tex/latex/hyperref/nameref.sty
Package: nameref 2016/05/21 v2.44 Cross-referencing by name of section

(/usr/local/texlive/2017/texmf-dist/tex/generic/oberdiek/gettitlestring.sty
Package: gettitlestring 2016/05/16 v1.5 Cleanup title references (HO)
)
\c@section@level=\count131
)
LaTeX Info: Redefining \ref on input line 118.
LaTeX Info: Redefining \pageref on input line 118.
LaTeX Info: Redefining \nameref on input line 118.

(./article_vol3.out) (./article_vol3.out)
\@outlinefile=\write5
\openout5 = `article_vol3.out'.


<jsslogo.jpg, id=63, 540.0175pt x 393.47pt>
File: jsslogo.jpg Graphic file (type jpg)
 <use jsslogo.jpg>
Package pdftex.def Info: jsslogo.jpg used on input line 118.
(pdftex.def)             Requested size: 89.80768pt x 65.43607pt.
LaTeX Font Info:    Try loading font information for T1+pzc on input line 118.

(/usr/local/texlive/2017/texmf-dist/tex/latex/psnfss/t1pzc.fd
File: t1pzc.fd 2001/06/04 font definitions for T1/pzc.
)
LaTeX Font Info:    Font shape `T1/pzc/m/n' in size <28> not available
(Font)              Font shape `T1/pzc/mb/it' tried instead on input line 118.


Package xcolor Warning: Incompatible color definition on input line 118.

LaTeX Font Info:    Try loading font information for T1+aess on input line 118.

(/usr/local/texlive/2017/texmf-dist/tex/latex/ae/t1aess.fd
File: t1aess.fd 1997/11/16 Font definitions for T1/aess.
)
LaTeX Font Info:    External font `cmex10' loaded for size
(Font)              <10.95> on input line 118.
LaTeX Font Info:    External font `cmex10' loaded for size
(Font)              <8> on input line 118.
LaTeX Font Info:    External font `cmex10' loaded for size
(Font)              <6> on input line 118.

(/usr/local/texlive/2017/texmf-dist/tex/latex/oberdiek/pdflscape.sty
Package: pdflscape 2016/05/14 v0.11 Display of landscape pages in PDF (HO)

(/usr/local/texlive/2017/texmf-dist/tex/latex/graphics/lscape.sty
Package: lscape 2000/10/22 v3.01 Landscape Pages (DPC)
)
Package pdflscape Info: Auto-detected driver: pdftex on input line 81.
)
ABD: EveryShipout initializing macros
Underfull \vbox (badness 3312) has occurred while \output is active []

 [1

{/usr/local/texlive/2017/texmf-var/fonts/map/pdftex/updmap/pdftex.map} <./jsslo
go.jpg>]

Package xcolor Warning: Incompatible color definition on input line 142.


Package xcolor Warning: Incompatible color definition on input line 142.


Package xcolor Warning: Incompatible color definition on input line 173.


Package xcolor Warning: Incompatible color definition on input line 173.


Package xcolor Warning: Incompatible color definition on input line 198.


Package xcolor Warning: Incompatible color definition on input line 198.


Package xcolor Warning: Incompatible color definition on input line 199.


Package xcolor Warning: Incompatible color definition on input line 199.


Package xcolor Warning: Incompatible color definition on input line 199.


Package xcolor Warning: Incompatible color definition on input line 199.


Package xcolor Warning: Incompatible color definition on input line 200.


Package xcolor Warning: Incompatible color definition on input line 200.


Package xcolor Warning: Incompatible color definition on input line 200.


Package xcolor Warning: Incompatible color definition on input line 200.


Package xcolor Warning: Incompatible color definition on input line 201.


Package xcolor Warning: Incompatible color definition on input line 201.


Package xcolor Warning: Incompatible color definition on input line 202.


Package xcolor Warning: Incompatible color definition on input line 202.


Package xcolor Warning: Incompatible color definition on input line 202.


Package xcolor Warning: Incompatible color definition on input line 202.


Package xcolor Warning: Incompatible color definition on input line 212.


Package xcolor Warning: Incompatible color definition on input line 212.


Package xcolor Warning: Incompatible color definition on input line 212.


Package xcolor Warning: Incompatible color definition on input line 212.


Underfull \vbox (badness 10000) has occurred while \output is active []

LaTeX Font Info:    Font shape `T1/aer/b/sl' in size <10.95> not available
(Font)              Font shape `T1/aer/bx/sl' tried instead on input line 236.

Overfull \hbox (5.47499pt too wide) has occurred while \output is active
\T1/aer/m/n/10.95 2 []
 []

[2]

Package xcolor Warning: Incompatible color definition on input line 253.


Package xcolor Warning: Incompatible color definition on input line 253.


Package xcolor Warning: Incompatible color definition on input line 264.

LaTeX Font Info:    Try loading font information for T1+aett on input line 265.

(/usr/local/texlive/2017/texmf-dist/tex/latex/ae/t1aett.fd
File: t1aett.fd 1997/11/16 Font definitions for T1/aett.
)

Package xcolor Warning: Incompatible color definition on input line 268.


Package xcolor Warning: Incompatible color definition on input line 269.


Package xcolor Warning: Incompatible color definition on input line 270.


Package xcolor Warning: Incompatible color definition on input line 270.


Underfull \vbox (badness 1810) has occurred while \output is active []


Overfull \hbox (5.47499pt too wide) has occurred while \output is active
[] \T1/aer/m/n/10.95 3
 []

[3]

Package xcolor Warning: Incompatible color definition on input line 298.


Package xcolor Warning: Incompatible color definition on input line 302.


Package xcolor Warning: Incompatible color definition on input line 303.


Package xcolor Warning: Incompatible color definition on input line 306.

<dataMaid_toyData.pdf, id=146, page=2, 614.295pt x 794.97pt>
File: dataMaid_toyData.pdf Graphic file (type pdf)

<use dataMaid_toyData.pdf, page 2>
Package pdftex.def Info: dataMaid_toyData.pdf, page2 used on input line 312.
(pdftex.def)             Requested size: 213.39566pt x 276.15726pt.

<dataMaid_toyData.pdf, id=147, page=3, 614.295pt x 794.97pt>
File: dataMaid_toyData.pdf Graphic file (type pdf)

<use dataMaid_toyData.pdf, page 3>
Package pdftex.def Info: dataMaid_toyData.pdf, page3 used on input line 313.
(pdftex.def)             Requested size: 213.39566pt x 276.15726pt.


Package xcolor Warning: Incompatible color definition on input line 318.


Package xcolor Warning: Incompatible color definition on input line 318.

<dataMaid_toyData.pdf, id=150, page=4, 614.295pt x 794.97pt>
File: dataMaid_toyData.pdf Graphic file (type pdf)

<use dataMaid_toyData.pdf, page 4>
Package pdftex.def Info: dataMaid_toyData.pdf, page4 used on input line 324.
(pdftex.def)             Requested size: 213.39566pt x 276.15726pt.

<dataMaid_toyData.pdf, id=151, page=5, 614.295pt x 794.97pt>
File: dataMaid_toyData.pdf Graphic file (type pdf)

<use dataMaid_toyData.pdf, page 5>
Package pdftex.def Info: dataMaid_toyData.pdf, page5 used on input line 325.
(pdftex.def)             Requested size: 213.39566pt x 276.15726pt.


Package xcolor Warning: Incompatible color definition on input line 330.


Package xcolor Warning: Incompatible color definition on input line 330.


Overfull \hbox (5.47499pt too wide) has occurred while \output is active
\T1/aer/m/n/10.95 4 []
 []

[4 <./dataMaid_toyData.pdf> <./dataMaid_toyData.pdf>]
Underfull \vbox (badness 2856) has occurred while \output is active []


Overfull \hbox (5.47499pt too wide) has occurred while \output is active
[] \T1/aer/m/n/10.95 5
 []

[5 <./dataMaid_toyData.pdf> <./dataMaid_toyData.pdf>]

Package xcolor Warning: Incompatible color definition on input line 371.


Package xcolor Warning: Incompatible color definition on input line 372.


Package xcolor Warning: Incompatible color definition on input line 376.


Package xcolor Warning: Incompatible color definition on input line 386.


Package xcolor Warning: Incompatible color definition on input line 389.


Package xcolor Warning: Incompatible color definition on input line 390.

LaTeX Font Info:    External font `cmex10' loaded for size
(Font)              <7> on input line 395.
LaTeX Font Info:    External font `cmex10' loaded for size
(Font)              <5> on input line 395.

Underfull \hbox (badness 10000) in paragraph at lines 406--407
[]|\T1/aett/m/n/10 c("isKey",
 []


Underfull \hbox (badness 10000) in paragraph at lines 406--407
\T1/aett/m/n/10 "isSingular",
 []


Underfull \hbox (badness 10000) in paragraph at lines 407--408
[]|\T1/aett/m/n/10 NULL \T1/aer/m/n/10 (cor-re-sponds
 []


Underfull \hbox (badness 10000) in paragraph at lines 407--408
\T1/aer/m/n/10 to the dataset
 []


Package xcolor Warning: Incompatible color definition on input line 412.


Package xcolor Warning: Incompatible color definition on input line 413.


Package xcolor Warning: Incompatible color definition on input line 414.


Underfull \hbox (badness 10000) in paragraph at lines 418--419
[]|\T1/aett/m/n/10 c("summarize",
 []


Underfull \hbox (badness 10000) in paragraph at lines 418--419
\T1/aett/m/n/10 "visualize",
 []


Underfull \hbox (badness 1168) in paragraph at lines 419--420
[]|\T1/aer/m/n/10 Should nu-mer-i-cal val-ues with only a few
 []


LaTeX Warning: Float too large for page by 33.12306pt on input line 439.


Overfull \hbox (2.62779pt too wide) in paragraph at lines 458--458
\T1/aett/m/n/10.95 data.frame 
 []


Package xcolor Warning: Incompatible color definition on input line 531.


Package xcolor Warning: Incompatible color definition on input line 531.


Overfull \hbox (0.64066pt too wide) in paragraph at lines 528--536
[]\T1/aer/m/n/10.95 The fi-nal ren-der-ing of the gen-er-ated mark-down file is
 con-trolled by the \T1/aett/m/n/10.95 render \T1/aer/m/n/10.95 and \T1/aett/m/
n/10.95 openResult
 []


Overfull \hbox (3.48175pt too wide) in paragraph at lines 550--550
[]|\T1/aer/m/n/10.95 C| 
 []


Overfull \hbox (2.71518pt too wide) in paragraph at lines 550--550
[]|\T1/aer/m/n/10.95 F| 
 []


Overfull \hbox (2.41963pt too wide) in paragraph at lines 550--550
[]|\T1/aer/m/n/10.95 L| 
 []


Overfull \hbox (3.32845pt too wide) in paragraph at lines 550--550
[]|\T1/aer/m/n/10.95 B| 
 []


Overfull \hbox (3.78839pt too wide) in paragraph at lines 550--550
[]|\T1/aer/m/n/10.95 N| 
 []


Overfull \hbox (3.9306pt too wide) in paragraph at lines 550--551
[]|\T1/aer/m/n/10.95 D| 
 []


Underfull \hbox (badness 2012) in paragraph at lines 553--553
[]|\T1/aer/m/n/10.95 Compute me-dian for nu-
 []


Overfull \hbox (4.09259pt too wide) in paragraph at lines 553--553
[]|[]$\OMS/cmsy/m/n/10.95 ^^B$[]| 
 []


Overfull \hbox (4.09259pt too wide) in paragraph at lines 553--553
[]|[]$\OMS/cmsy/m/n/10.95 ^^B$[]| 
 []


Overfull \hbox (4.09259pt too wide) in paragraph at lines 553--553
[]|[]$\OMS/cmsy/m/n/10.95 ^^B$[]| 
 []


Overfull \hbox (4.09259pt too wide) in paragraph at lines 553--553
[]|[]$\OMS/cmsy/m/n/10.95 ^^B$[]| 
 []


Overfull \hbox (4.09259pt too wide) in paragraph at lines 553--553
[]|[]$\OMS/cmsy/m/n/10.95 ^^B$[]| 
 []


Overfull \hbox (4.09259pt too wide) in paragraph at lines 553--553
[]|[]$\OMS/cmsy/m/n/10.95 ^^B$[]| 
 []


Overfull \hbox (4.09259pt too wide) in paragraph at lines 553--554
[]|[]$\OMS/cmsy/m/n/10.95 ^^B$[]| 
 []


Underfull \hbox (badness 10000) in paragraph at lines 554--554
[]|\T1/aer/m/n/10.95 Compute pro-por-tion of
 []


Overfull \hbox (4.09259pt too wide) in paragraph at lines 554--554
[]|[]$\OMS/cmsy/m/n/10.95 ^^B$[]| 
 []


Overfull \hbox (4.09259pt too wide) in paragraph at lines 554--554
[]|[]$\OMS/cmsy/m/n/10.95 ^^B$[]| 
 []


Overfull \hbox (4.09259pt too wide) in paragraph at lines 554--554
[]|[]$\OMS/cmsy/m/n/10.95 ^^B$[]| 
 []


Overfull \hbox (4.09259pt too wide) in paragraph at lines 554--554
[]|[]$\OMS/cmsy/m/n/10.95 ^^B$[]| 
 []


Overfull \hbox (4.09259pt too wide) in paragraph at lines 554--554
[]|[]$\OMS/cmsy/m/n/10.95 ^^B$[]| 
 []


Overfull \hbox (4.09259pt too wide) in paragraph at lines 554--554
[]|[]$\OMS/cmsy/m/n/10.95 ^^B$[]| 
 []


Overfull \hbox (4.09259pt too wide) in paragraph at lines 554--555
[]|[]$\OMS/cmsy/m/n/10.95 ^^B$[]| 
 []


Overfull \hbox (4.09259pt too wide) in paragraph at lines 555--555
[]|[]$\OMS/cmsy/m/n/10.95 ^^B$[]| 
 []


Overfull \hbox (4.09259pt too wide) in paragraph at lines 555--555
[]|[]$\OMS/cmsy/m/n/10.95 ^^B$[]| 
 []


Overfull \hbox (4.09259pt too wide) in paragraph at lines 555--556
[]|[]$\OMS/cmsy/m/n/10.95 ^^B$[]| 
 []


Overfull \hbox (4.09259pt too wide) in paragraph at lines 556--556
[]|[]$\OMS/cmsy/m/n/10.95 ^^B$[]| 
 []


Overfull \hbox (4.09259pt too wide) in paragraph at lines 556--556
[]|[]$\OMS/cmsy/m/n/10.95 ^^B$[]| 
 []


Overfull \hbox (4.09259pt too wide) in paragraph at lines 556--557
[]|[]$\OMS/cmsy/m/n/10.95 ^^B$[]| 
 []


Underfull \hbox (badness 2277) in paragraph at lines 557--557
[]|\T1/aer/m/n/10.95 Count num-ber of unique
 []


Overfull \hbox (4.09259pt too wide) in paragraph at lines 557--557
[]|[]$\OMS/cmsy/m/n/10.95 ^^B$[]| 
 []


Overfull \hbox (4.09259pt too wide) in paragraph at lines 557--557
[]|[]$\OMS/cmsy/m/n/10.95 ^^B$[]| 
 []


Overfull \hbox (4.09259pt too wide) in paragraph at lines 557--557
[]|[]$\OMS/cmsy/m/n/10.95 ^^B$[]| 
 []


Overfull \hbox (4.09259pt too wide) in paragraph at lines 557--557
[]|[]$\OMS/cmsy/m/n/10.95 ^^B$[]| 
 []


Overfull \hbox (4.09259pt too wide) in paragraph at lines 557--557
[]|[]$\OMS/cmsy/m/n/10.95 ^^B$[]| 
 []


Overfull \hbox (4.09259pt too wide) in paragraph at lines 557--557
[]|[]$\OMS/cmsy/m/n/10.95 ^^B$[]| 
 []


Overfull \hbox (4.09259pt too wide) in paragraph at lines 557--558
[]|[]$\OMS/cmsy/m/n/10.95 ^^B$[]| 
 []


Overfull \hbox (4.09259pt too wide) in paragraph at lines 558--558
[]|[]$\OMS/cmsy/m/n/10.95 ^^B$[]| 
 []


Overfull \hbox (4.09259pt too wide) in paragraph at lines 558--558
[]|[]$\OMS/cmsy/m/n/10.95 ^^B$[]| 
 []


Overfull \hbox (4.09259pt too wide) in paragraph at lines 558--558
[]|[]$\OMS/cmsy/m/n/10.95 ^^B$[]| 
 []


Overfull \hbox (4.09259pt too wide) in paragraph at lines 558--558
[]|[]$\OMS/cmsy/m/n/10.95 ^^B$[]| 
 []


Overfull \hbox (4.09259pt too wide) in paragraph at lines 558--558
[]|[]$\OMS/cmsy/m/n/10.95 ^^B$[]| 
 []


Overfull \hbox (4.09259pt too wide) in paragraph at lines 558--558
[]|[]$\OMS/cmsy/m/n/10.95 ^^B$[]| 
 []


Overfull \hbox (4.09259pt too wide) in paragraph at lines 558--559
[]|[]$\OMS/cmsy/m/n/10.95 ^^B$[]| 
 []


Overfull \hbox (4.09259pt too wide) in paragraph at lines 562--562
[]|$\OMS/cmsy/m/n/10.95 ^^B$| 
 []


Overfull \hbox (4.09259pt too wide) in paragraph at lines 562--562
[]|$\OMS/cmsy/m/n/10.95 ^^B$| 
 []


Overfull \hbox (4.09259pt too wide) in paragraph at lines 562--562
[]|$\OMS/cmsy/m/n/10.95 ^^B$| 
 []


Overfull \hbox (4.09259pt too wide) in paragraph at lines 562--562
[]|$\OMS/cmsy/m/n/10.95 ^^B$| 
 []


Overfull \hbox (4.09259pt too wide) in paragraph at lines 562--562
[]|$\OMS/cmsy/m/n/10.95 ^^B$| 
 []


Overfull \hbox (4.09259pt too wide) in paragraph at lines 562--562
[]|$\OMS/cmsy/m/n/10.95 ^^B$| 
 []


Overfull \hbox (4.09259pt too wide) in paragraph at lines 562--563
[]|$\OMS/cmsy/m/n/10.95 ^^B$| 
 []


Overfull \hbox (4.09259pt too wide) in paragraph at lines 563--563
[]|[]$\OMS/cmsy/m/n/10.95 ^^B$[]| 
 []


Overfull \hbox (4.09259pt too wide) in paragraph at lines 563--563
[]|[]$\OMS/cmsy/m/n/10.95 ^^B$[]| 
 []


Overfull \hbox (4.09259pt too wide) in paragraph at lines 563--563
[]|[]$\OMS/cmsy/m/n/10.95 ^^B$[]| 
 []


Overfull \hbox (4.09259pt too wide) in paragraph at lines 563--563
[]|[]$\OMS/cmsy/m/n/10.95 ^^B$[]| 
 []


Overfull \hbox (4.09259pt too wide) in paragraph at lines 563--563
[]|[]$\OMS/cmsy/m/n/10.95 ^^B$[]| 
 []


Overfull \hbox (4.09259pt too wide) in paragraph at lines 563--563
[]|[]$\OMS/cmsy/m/n/10.95 ^^B$[]| 
 []


Overfull \hbox (4.09259pt too wide) in paragraph at lines 563--564
[]|[]$\OMS/cmsy/m/n/10.95 ^^B$[]| 
 []


Overfull \hbox (4.09259pt too wide) in paragraph at lines 567--567
[]|[]$\OMS/cmsy/m/n/10.95 ^^B$[]| 
 []


Overfull \hbox (4.09259pt too wide) in paragraph at lines 567--567
[]|[]$\OMS/cmsy/m/n/10.95 ^^B$[]| 
 []


Overfull \hbox (4.09259pt too wide) in paragraph at lines 567--567
[]|[]$\OMS/cmsy/m/n/10.95 ^^B$[]| 
 []


Overfull \hbox (4.09259pt too wide) in paragraph at lines 568--568
[]|[]$\OMS/cmsy/m/n/10.95 ^^B$[]| 
 []


Overfull \hbox (4.09259pt too wide) in paragraph at lines 568--568
[]|[]$\OMS/cmsy/m/n/10.95 ^^B$[]| 
 []


Overfull \hbox (4.09259pt too wide) in paragraph at lines 568--568
[]|[]$\OMS/cmsy/m/n/10.95 ^^B$[]| 
 []


Underfull \hbox (badness 1490) in paragraph at lines 569--569
[]|\T1/aer/m/n/10.95 Identify mis-coded miss-ing
 []


Overfull \hbox (4.09259pt too wide) in paragraph at lines 569--569
[]|[]$\OMS/cmsy/m/n/10.95 ^^B$[]| 
 []


Overfull \hbox (4.09259pt too wide) in paragraph at lines 569--569
[]|[]$\OMS/cmsy/m/n/10.95 ^^B$[]| 
 []


Overfull \hbox (4.09259pt too wide) in paragraph at lines 569--569
[]|[]$\OMS/cmsy/m/n/10.95 ^^B$[]| 
 []


Overfull \hbox (4.09259pt too wide) in paragraph at lines 569--569
[]|[]$\OMS/cmsy/m/n/10.95 ^^B$[]| 
 []


Overfull \hbox (4.09259pt too wide) in paragraph at lines 569--569
[]|[]$\OMS/cmsy/m/n/10.95 ^^B$[]| 
 []


Overfull \hbox (4.09259pt too wide) in paragraph at lines 569--569
[]|[]$\OMS/cmsy/m/n/10.95 ^^B$[]| 
 []


Underfull \hbox (badness 6236) in paragraph at lines 570--570
[]|\T1/aer/m/n/10.95 Identify mis-clas-si-fied nu-
 []


Overfull \hbox (4.09259pt too wide) in paragraph at lines 570--570
[]|[]$\OMS/cmsy/m/n/10.95 ^^B$[]| 
 []


Overfull \hbox (4.09259pt too wide) in paragraph at lines 570--570
[]|[]$\OMS/cmsy/m/n/10.95 ^^B$[]| 
 []


Overfull \hbox (4.09259pt too wide) in paragraph at lines 570--570
[]|[]$\OMS/cmsy/m/n/10.95 ^^B$[]| 
 []


Overfull \hbox (4.09259pt too wide) in paragraph at lines 571--571
[]|[]$\OMS/cmsy/m/n/10.95 ^^B$[]| 
 []


Overfull \hbox (4.09259pt too wide) in paragraph at lines 571--571
[]|[]$\OMS/cmsy/m/n/10.95 ^^B$[]| 
 []


Overfull \hbox (4.09259pt too wide) in paragraph at lines 571--572
[]|[]$\OMS/cmsy/m/n/10.95 ^^B$[]| 
 []


Underfull \hbox (badness 3884) in paragraph at lines 572--572
[]|\T1/aer/m/n/10.95 Identify out-liers (Turk-ish
 []


Overfull \hbox (4.09259pt too wide) in paragraph at lines 572--572
[]|$\OMS/cmsy/m/n/10.95 ^^B$| 
 []


Overfull \hbox (4.09259pt too wide) in paragraph at lines 572--572
[]|$\OMS/cmsy/m/n/10.95 ^^B$| 
 []


Overfull \hbox (4.09259pt too wide) in paragraph at lines 572--573
[]|$\OMS/cmsy/m/n/10.95 ^^B$| 
 []


Underfull \hbox (badness 1005) in paragraph at lines 573--573
[]|\T1/aer/m/n/10.95 Identify pre-fixed and suf-
 []


Overfull \hbox (4.09259pt too wide) in paragraph at lines 573--573
[]|[]$\OMS/cmsy/m/n/10.95 ^^B$[]| 
 []


Overfull \hbox (4.09259pt too wide) in paragraph at lines 573--573
[]|[]$\OMS/cmsy/m/n/10.95 ^^B$[]| 
 []


Overfull \hbox (4.09259pt too wide) in paragraph at lines 573--573
[]|[]$\OMS/cmsy/m/n/10.95 ^^B$[]| 
 []


Overfull \hbox (4.09259pt too wide) in paragraph at lines 574--574
[]|$\OMS/cmsy/m/n/10.95 ^^B$| 
 []


Overfull \hbox (4.09259pt too wide) in paragraph at lines 574--574
[]|$\OMS/cmsy/m/n/10.95 ^^B$| 
 []


Overfull \hbox (4.09259pt too wide) in paragraph at lines 574--574
[]|$\OMS/cmsy/m/n/10.95 ^^B$| 
 []


Overfull \hbox (4.09259pt too wide) in paragraph at lines 574--574
[]|$\OMS/cmsy/m/n/10.95 ^^B$| 
 []


Overfull \hbox (4.09259pt too wide) in paragraph at lines 574--574
[]|$\OMS/cmsy/m/n/10.95 ^^B$| 
 []


Overfull \hbox (4.09259pt too wide) in paragraph at lines 574--574
[]|$\OMS/cmsy/m/n/10.95 ^^B$| 
 []


Overfull \hbox (4.09259pt too wide) in paragraph at lines 574--575
[]|$\OMS/cmsy/m/n/10.95 ^^B$| 
 []


Overfull \hbox (4.09259pt too wide) in paragraph at lines 575--575
[]|[]$\OMS/cmsy/m/n/10.95 ^^B$[]| 
 []


Overfull \hbox (4.09259pt too wide) in paragraph at lines 575--575
[]|[]$\OMS/cmsy/m/n/10.95 ^^B$[]| 
 []


Overfull \hbox (4.09259pt too wide) in paragraph at lines 575--575
[]|[]$\OMS/cmsy/m/n/10.95 ^^B$[]| 
 []


Overfull \hbox (4.09259pt too wide) in paragraph at lines 575--575
[]|[]$\OMS/cmsy/m/n/10.95 ^^B$[]| 
 []


Overfull \hbox (4.09259pt too wide) in paragraph at lines 575--575
[]|[]$\OMS/cmsy/m/n/10.95 ^^B$[]| 
 []


Overfull \hbox (4.09259pt too wide) in paragraph at lines 575--575
[]|[]$\OMS/cmsy/m/n/10.95 ^^B$[]| 
 []


Overfull \hbox (4.09259pt too wide) in paragraph at lines 575--576
[]|[]$\OMS/cmsy/m/n/10.95 ^^B$[]| 
 []


Overfull \hbox (4.09259pt too wide) in paragraph at lines 576--576
[]|[]$\OMS/cmsy/m/n/10.95 ^^B$[]| 
 []


Overfull \hbox (4.09259pt too wide) in paragraph at lines 576--576
[]|[]$\OMS/cmsy/m/n/10.95 ^^B$[]| 
 []


Overfull \hbox (4.09259pt too wide) in paragraph at lines 576--576
[]|[]$\OMS/cmsy/m/n/10.95 ^^B$[]| 
 []


Overfull \hbox (4.09259pt too wide) in paragraph at lines 576--576
[]|[]$\OMS/cmsy/m/n/10.95 ^^B$[]| 
 []


Overfull \hbox (4.09259pt too wide) in paragraph at lines 576--576
[]|[]$\OMS/cmsy/m/n/10.95 ^^B$[]| 
 []


Overfull \hbox (4.09259pt too wide) in paragraph at lines 576--576
[]|[]$\OMS/cmsy/m/n/10.95 ^^B$[]| 
 []


Overfull \hbox (4.09259pt too wide) in paragraph at lines 576--577
[]|[]$\OMS/cmsy/m/n/10.95 ^^B$[]
 []


Underfull \hbox (badness 3049) in paragraph at lines 577--577
[]|\T1/aer/m/n/10.95 Check if the vari-able is
 []


Overfull \hbox (4.09259pt too wide) in paragraph at lines 577--577
[]|[]$\OMS/cmsy/m/n/10.95 ^^B$[]| 
 []


Overfull \hbox (4.09259pt too wide) in paragraph at lines 577--577
[]|[]$\OMS/cmsy/m/n/10.95 ^^B$[]| 
 []


Overfull \hbox (4.09259pt too wide) in paragraph at lines 577--577
[]|[]$\OMS/cmsy/m/n/10.95 ^^B$[]| 
 []


Overfull \hbox (4.09259pt too wide) in paragraph at lines 577--577
[]|[]$\OMS/cmsy/m/n/10.95 ^^B$[]| 
 []


Overfull \hbox (4.09259pt too wide) in paragraph at lines 577--577
[]|[]$\OMS/cmsy/m/n/10.95 ^^B$[]| 
 []


Overfull \hbox (4.09259pt too wide) in paragraph at lines 577--577
[]|[]$\OMS/cmsy/m/n/10.95 ^^B$[]| 
 []


Overfull \hbox (4.09259pt too wide) in paragraph at lines 577--578
[]|[]$\OMS/cmsy/m/n/10.95 ^^B$[]
 []


LaTeX Warning: Float too large for page by 35.74963pt on input line 584.


Overfull \hbox (2.23961pt too wide) in paragraph at lines 586--586
[]\T1/aer/bx/n/12 2.2. Con-trol-ling con-tents: What sum-maries, vi-su-al-iza-t
ions and checks should
 []


Overfull \hbox (5.47499pt too wide) has occurred while \output is active
\T1/aer/m/n/10.95 6 []
 []

[6]
Overfull \hbox (5.47499pt too wide) has occurred while \output is active
[] \T1/aer/m/n/10.95 7
 []

[7]
Overfull \hbox (5.47499pt too wide) has occurred while \output is active
\T1/aer/m/n/10.95 8 []
 []

[8]

Package xcolor Warning: Incompatible color definition on input line 590.


Package xcolor Warning: Incompatible color definition on input line 599.


Overfull \hbox (5.47499pt too wide) has occurred while \output is active
[] \T1/aer/m/n/10.95 9
 []

[9]
Overfull \hbox (10.94998pt too wide) has occurred while \output is active
\T1/aer/m/n/10.95 10 []
 []

[10]
Overfull \hbox (10.94998pt too wide) has occurred while \output is active
[] \T1/aer/m/n/10.95 11
 []

[11]

Package xcolor Warning: Incompatible color definition on input line 773.


Package xcolor Warning: Incompatible color definition on input line 773.


Package xcolor Warning: Incompatible color definition on input line 782.


Overfull \hbox (12.8825pt too wide) in paragraph at lines 788--795
\T1/aer/m/n/10.95 Each of these stages are con-trol-lable us-ing ap-pro-pri-ate
 func-tion ar-gu-ments in \T1/aett/m/n/10.95 makeDataReport()\T1/aer/m/n/10.95 
,
 []


Overfull \hbox (3.37756pt too wide) in paragraph at lines 796--797
\T1/aer/m/n/10.95 stance vari-ables of type \T1/aett/m/n/10.95 complex \T1/aer/
m/n/10.95 or user-defined classes. It is pos-si-ble to tell \T1/aett/m/n/10.95 
makeDataReport()
 []


Overfull \hbox (10.94998pt too wide) has occurred while \output is active
\T1/aer/m/n/10.95 12 []
 []

[12]

Package xcolor Warning: Incompatible color definition on input line 843.


Overfull \hbox (10.94998pt too wide) has occurred while \output is active
[] \T1/aer/m/n/10.95 13
 []

[13]

Package xcolor Warning: Incompatible color definition on input line 908.


Overfull \hbox (10.94998pt too wide) has occurred while \output is active
\T1/aer/m/n/10.95 14 []
 []

[14]

LaTeX Warning: File `toyData-events.pdf' not found on input line 934.


! Package pdftex.def Error: File `toyData-events.pdf' not found.

See the pdftex.def package documentation for explanation.
Type  H <return>  for immediate help.
 ...                                              
                                                  
l.934 ...graphics[width=7.5cm]{toyData-events.pdf}
                                                  
? 

Overfull \hbox (10.94998pt too wide) has occurred while \output is active
[] \T1/aer/m/n/10.95 15
 []

[15] <dataMaid_presidentData.pdf, id=264, page=1, 614.295pt x 794.97pt>
File: dataMaid_presidentData.pdf Graphic file (type pdf)

<use dataMaid_presidentData.pdf, page 1>
Package pdftex.def Info: dataMaid_presidentData.pdf, page1 used on input line 9
76.
(pdftex.def)             Requested size: 213.39566pt x 276.15726pt.

<dataMaid_presidentData.pdf, id=265, page=2, 614.295pt x 794.97pt>
File: dataMaid_presidentData.pdf Graphic file (type pdf)

<use dataMaid_presidentData.pdf, page 2>
Package pdftex.def Info: dataMaid_presidentData.pdf, page2 used on input line 9
77.
(pdftex.def)             Requested size: 213.39566pt x 276.15726pt.


Package xcolor Warning: Incompatible color definition on input line 980.


Package xcolor Warning: Incompatible color definition on input line 980.

<dataMaid_presidentData.pdf, id=268, page=3, 614.295pt x 794.97pt>
File: dataMaid_presidentData.pdf Graphic file (type pdf)

<use dataMaid_presidentData.pdf, page 3>
Package pdftex.def Info: dataMaid_presidentData.pdf, page3 used on input line 9
86.
(pdftex.def)             Requested size: 213.39566pt x 276.15726pt.

<dataMaid_presidentData.pdf, id=269, page=4, 614.295pt x 794.97pt>
File: dataMaid_presidentData.pdf Graphic file (type pdf)

<use dataMaid_presidentData.pdf, page 4>
Package pdftex.def Info: dataMaid_presidentData.pdf, page4 used on input line 9
87.
(pdftex.def)             Requested size: 213.39566pt x 276.15726pt.


Package xcolor Warning: Incompatible color definition on input line 990.


Package xcolor Warning: Incompatible color definition on input line 990.

<dataMaid_presidentData.pdf, id=272, page=5, 614.295pt x 794.97pt>
File: dataMaid_presidentData.pdf Graphic file (type pdf)

<use dataMaid_presidentData.pdf, page 5>
Package pdftex.def Info: dataMaid_presidentData.pdf, page5 used on input line 9
96.
(pdftex.def)             Requested size: 213.39566pt x 276.15726pt.

<dataMaid_presidentData.pdf, id=273, page=6, 614.295pt x 794.97pt>
File: dataMaid_presidentData.pdf Graphic file (type pdf)

<use dataMaid_presidentData.pdf, page 6>
Package pdftex.def Info: dataMaid_presidentData.pdf, page6 used on input line 9
97.
(pdftex.def)             Requested size: 213.39566pt x 276.15726pt.


Package xcolor Warning: Incompatible color definition on input line 1000.


Package xcolor Warning: Incompatible color definition on input line 1000.


Overfull \hbox (10.94998pt too wide) has occurred while \output is active
\T1/aer/m/n/10.95 16 []
 []

[16 <./dataMaid_presidentData.pdf> <./dataMaid_presidentData.pdf>]
Overfull \hbox (10.94998pt too wide) has occurred while \output is active
[] \T1/aer/m/n/10.95 17
 []

[17 <./dataMaid_presidentData.pdf> <./dataMaid_presidentData.pdf>]
Overfull \hbox (10.94998pt too wide) has occurred while \output is active
\T1/aer/m/n/10.95 18 []
 []

[18 <./dataMaid_presidentData.pdf> <./dataMaid_presidentData.pdf>]

Package xcolor Warning: Incompatible color definition on input line 1037.


Package xcolor Warning: Incompatible color definition on input line 1037.


Package xcolor Warning: Incompatible color definition on input line 1037.


Package xcolor Warning: Incompatible color definition on input line 1043.

LaTeX Font Info:    Try loading font information for TS1+aer on input line 1045
.
(/Users/cld189/Library/texmf/tex/latex/Sweave/tex/latex/ts1aer.fd
File: ts1aer.fd 
)
LaTeX Font Info:    Font shape `TS1/aer/m/n' in size <10.95> not available
(Font)              Font shape `TS1/cmr/m/n' tried instead on input line 1045.

Overfull \hbox (10.94998pt too wide) has occurred while \output is active
[] \T1/aer/m/n/10.95 19
 []

[19]
Overfull \hbox (10.94998pt too wide) has occurred while \output is active
\T1/aer/m/n/10.95 20 []
 []

[20]
Overfull \hbox (10.94998pt too wide) has occurred while \output is active
[] \T1/aer/m/n/10.95 21
 []

[21]
Overfull \hbox (10.94998pt too wide) has occurred while \output is active
\T1/aer/m/n/10.95 22 []
 []

[22]
Overfull \hbox (10.94998pt too wide) has occurred while \output is active
[] \T1/aer/m/n/10.95 23
 []

[23]
Overfull \hbox (14.9218pt too wide) in paragraph at lines 1280--1285
\T1/aer/m/n/10.95 file types, we rec-om-mend set-ting \T1/aett/m/n/10.95 twoCol
s = FALSE \T1/aer/m/n/10.95 and \T1/aett/m/n/10.95 output = "html" \T1/aer/m/n/
10.95 in \T1/aett/m/n/10.95 makeDataReport()\T1/aer/m/n/10.95 ,
 []


Overfull \hbox (10.94998pt too wide) has occurred while \output is active
\T1/aer/m/n/10.95 24 []
 []

[24]
LaTeX Font Info:    Try loading font information for TS1+aett on input line 130
6.
 (/Users/cld189/Library/texmf/tex/latex/Sweave/tex/latex/ts1aett.fd
File: ts1aett.fd 
)
LaTeX Font Info:    Try loading font information for TS1+cmtt on input line 130
6.

(/usr/local/texlive/2017/texmf-dist/tex/latex/base/ts1cmtt.fd
File: ts1cmtt.fd 2014/09/29 v2.5h Standard LaTeX font definitions
)
LaTeX Font Info:    Font shape `TS1/aett/m/n' in size <10> not available
(Font)              Font shape `TS1/cmtt/m/n' tried instead on input line 1306.



Package xcolor Warning: Incompatible color definition on input line 1364.


Package xcolor Warning: Incompatible color definition on input line 1364.

(./article_vol3.bbl
Overfull \hbox (10.94998pt too wide) has occurred while \output is active
[] \T1/aer/m/n/10.95 25
 []

[25]
LaTeX Font Info:    Font shape `T1/aer/b/it' in size <10.95> not available
(Font)              Font shape `T1/aer/bx/it' tried instead on input line 16.
LaTeX Font Info:    Font shape `T1/aess/m/it' in size <10.95> not available
(Font)              Font shape `T1/aess/m/sl' tried instead on input line 16.


Package xcolor Warning: Incompatible color definition on input line 18.


Package xcolor Warning: Incompatible color definition on input line 25.


Package xcolor Warning: Incompatible color definition on input line 32.


Package xcolor Warning: Incompatible color definition on input line 38.


Package xcolor Warning: Incompatible color definition on input line 45.


Package xcolor Warning: Incompatible color definition on input line 52.


Package xcolor Warning: Incompatible color definition on input line 59.


Package xcolor Warning: Incompatible color definition on input line 65.


Package xcolor Warning: Incompatible color definition on input line 72.


Package xcolor Warning: Incompatible color definition on input line 85.


Package xcolor Warning: Incompatible color definition on input line 91.


Package xcolor Warning: Incompatible color definition on input line 99.


Package xcolor Warning: Incompatible color definition on input line 106.


Overfull \hbox (10.94998pt too wide) has occurred while \output is active
\T1/aer/m/n/10.95 26 []
 []

[26]

Package xcolor Warning: Incompatible color definition on input line 113.


Package xcolor Warning: Incompatible color definition on input line 120.

)
Overfull \hbox (10.94998pt too wide) has occurred while \output is active
[] \T1/aer/m/n/10.95 27
 []

[27] <dataMaid_toyData.pdf, id=465, 614.295pt x 794.97pt>
File: dataMaid_toyData.pdf Graphic file (type pdf)

<use dataMaid_toyData.pdf>
Package pdftex.def Info: dataMaid_toyData.pdf used on input line 1395.
(pdftex.def)             Requested size: 354.12434pt x 458.28084pt.
File: dataMaid_toyData.pdf Graphic file (type pdf)
 <use dataMaid_toyData.pdf>
Package pdftex.def Info: dataMaid_toyData.pdf used on input line 1395.
(pdftex.def)             Requested size: 354.12434pt x 458.28084pt.
File: dataMaid_toyData.pdf Graphic file (type pdf)

<use dataMaid_toyData.pdf, page 2>
Package pdftex.def Info: dataMaid_toyData.pdf, page2 used on input line 1395.
(pdftex.def)             Requested size: 430.00356pt x 556.4752pt.
File: dataMaid_toyData.pdf Graphic file (type pdf)
 <use dataMaid_toyData.pdf, page 2>
Package pdftex.def Info: dataMaid_toyData.pdf, page2 used on input line 1395.
(pdftex.def)             Requested size: 430.00356pt x 556.4752pt.
File: dataMaid_toyData.pdf Graphic file (type pdf)

<use dataMaid_toyData.pdf, page 2>
Package pdftex.def Info: dataMaid_toyData.pdf, page2 used on input line 1395.
(pdftex.def)             Requested size: 430.00356pt x 556.4752pt.

Overfull \hbox (10.94998pt too wide) has occurred while \output is active
\T1/aer/m/n/10.95 28 []
 []

File: dataMaid_toyData.pdf Graphic file (type pdf)
<use dataMaid_toyData.pdf, page 2>
Package pdftex.def Info: dataMaid_toyData.pdf, page2 used on input line 1395.
(pdftex.def)             Requested size: 430.00356pt x 556.4752pt.
 [28]
File: dataMaid_toyData.pdf Graphic file (type pdf)
 <use dataMaid_toyData.pdf>
Package pdftex.def Info: dataMaid_toyData.pdf used on input line 1396.
(pdftex.def)             Requested size: 354.12434pt x 458.28084pt.
File: dataMaid_toyData.pdf Graphic file (type pdf)

<use dataMaid_toyData.pdf>
Package pdftex.def Info: dataMaid_toyData.pdf used on input line 1396.
(pdftex.def)             Requested size: 354.12434pt x 458.28084pt.
File: dataMaid_toyData.pdf Graphic file (type pdf)
 <use dataMaid_toyData.pdf, page 3>
Package pdftex.def Info: dataMaid_toyData.pdf, page3 used on input line 1396.
(pdftex.def)             Requested size: 430.00356pt x 556.4752pt.
File: dataMaid_toyData.pdf Graphic file (type pdf)

<use dataMaid_toyData.pdf, page 3>
Package pdftex.def Info: dataMaid_toyData.pdf, page3 used on input line 1396.
(pdftex.def)             Requested size: 430.00356pt x 556.4752pt.
File: dataMaid_toyData.pdf Graphic file (type pdf)
 <use dataMaid_toyData.pdf, page 3>
Package pdftex.def Info: dataMaid_toyData.pdf, page3 used on input line 1396.
(pdftex.def)             Requested size: 430.00356pt x 556.4752pt.

Overfull \hbox (10.94998pt too wide) has occurred while \output is active
[] \T1/aer/m/n/10.95 29
 []

File: dataMaid_toyData.pdf Graphic file (type pdf)
<use dataMaid_toyData.pdf, page 3>
Package pdftex.def Info: dataMaid_toyData.pdf, page3 used on input line 1396.
(pdftex.def)             Requested size: 430.00356pt x 556.4752pt.
 [29]
File: dataMaid_toyData.pdf Graphic file (type pdf)
 <use dataMaid_toyData.pdf, page 4>
Package pdftex.def Info: dataMaid_toyData.pdf, page4 used on input line 1396.
(pdftex.def)             Requested size: 430.00356pt x 556.4752pt.
File: dataMaid_toyData.pdf Graphic file (type pdf)

<use dataMaid_toyData.pdf, page 4>
Package pdftex.def Info: dataMaid_toyData.pdf, page4 used on input line 1396.
(pdftex.def)             Requested size: 430.00356pt x 556.4752pt.

Overfull \hbox (10.94998pt too wide) has occurred while \output is active
\T1/aer/m/n/10.95 30 []
 []

File: dataMaid_toyData.pdf Graphic file (type pdf)
<use dataMaid_toyData.pdf, page 4>
Package pdftex.def Info: dataMaid_toyData.pdf, page4 used on input line 1396.
(pdftex.def)             Requested size: 430.00356pt x 556.4752pt.
 [30]
<dataMaid_presidentData.pdf, id=482, 614.295pt x 794.97pt>
File: dataMaid_presidentData.pdf Graphic file (type pdf)

<use dataMaid_presidentData.pdf>
Package pdftex.def Info: dataMaid_presidentData.pdf used on input line 1400.
(pdftex.def)             Requested size: 354.12434pt x 458.28084pt.
File: dataMaid_presidentData.pdf Graphic file (type pdf)
 <use dataMaid_presidentData.pdf>
Package pdftex.def Info: dataMaid_presidentData.pdf used on input line 1400.
(pdftex.def)             Requested size: 354.12434pt x 458.28084pt.
File: dataMaid_presidentData.pdf Graphic file (type pdf)

<use dataMaid_presidentData.pdf, page 2>
Package pdftex.def Info: dataMaid_presidentData.pdf, page2 used on input line 1
400.
(pdftex.def)             Requested size: 430.00356pt x 556.4752pt.
File: dataMaid_presidentData.pdf Graphic file (type pdf)

<use dataMaid_presidentData.pdf, page 2>
Package pdftex.def Info: dataMaid_presidentData.pdf, page2 used on input line 1
400.
(pdftex.def)             Requested size: 430.00356pt x 556.4752pt.
File: dataMaid_presidentData.pdf Graphic file (type pdf)

<use dataMaid_presidentData.pdf, page 2>
Package pdftex.def Info: dataMaid_presidentData.pdf, page2 used on input line 1
400.
(pdftex.def)             Requested size: 430.00356pt x 556.4752pt.

Overfull \hbox (10.94998pt too wide) has occurred while \output is active
[] \T1/aer/m/n/10.95 31
 []

File: dataMaid_presidentData.pdf Graphic file (type pdf)
<use dataMaid_presidentData.pdf, page 2>
Package pdftex.def Info: dataMaid_presidentData.pdf, page2 used on input line 1
400.
(pdftex.def)             Requested size: 430.00356pt x 556.4752pt.
 [31]
File: dataMaid_presidentData.pdf Graphic file (type pdf)
 <use dataMaid_presidentData.pdf>
Package pdftex.def Info: dataMaid_presidentData.pdf used on input line 1401.
(pdftex.def)             Requested size: 354.12434pt x 458.28084pt.
File: dataMaid_presidentData.pdf Graphic file (type pdf)

<use dataMaid_presidentData.pdf>
Package pdftex.def Info: dataMaid_presidentData.pdf used on input line 1401.
(pdftex.def)             Requested size: 354.12434pt x 458.28084pt.
File: dataMaid_presidentData.pdf Graphic file (type pdf)
 <use dataMaid_presidentData.pdf, page 3>
Package pdftex.def Info: dataMaid_presidentData.pdf, page3 used on input line 1
401.
(pdftex.def)             Requested size: 430.00356pt x 556.4752pt.
File: dataMaid_presidentData.pdf Graphic file (type pdf)

<use dataMaid_presidentData.pdf, page 3>
Package pdftex.def Info: dataMaid_presidentData.pdf, page3 used on input line 1
401.
(pdftex.def)             Requested size: 430.00356pt x 556.4752pt.
File: dataMaid_presidentData.pdf Graphic file (type pdf)

<use dataMaid_presidentData.pdf, page 3>
Package pdftex.def Info: dataMaid_presidentData.pdf, page3 used on input line 1
401.
(pdftex.def)             Requested size: 430.00356pt x 556.4752pt.

Overfull \hbox (10.94998pt too wide) has occurred while \output is active
\T1/aer/m/n/10.95 32 []
 []

File: dataMaid_presidentData.pdf Graphic file (type pdf)
<use dataMaid_presidentData.pdf, page 3>
Package pdftex.def Info: dataMaid_presidentData.pdf, page3 used on input line 1
401.
(pdftex.def)             Requested size: 430.00356pt x 556.4752pt.
 [32]
File: dataMaid_presidentData.pdf Graphic file (type pdf)

<use dataMaid_presidentData.pdf, page 4>
Package pdftex.def Info: dataMaid_presidentData.pdf, page4 used on input line 1
401.
(pdftex.def)             Requested size: 430.00356pt x 556.4752pt.
File: dataMaid_presidentData.pdf Graphic file (type pdf)

<use dataMaid_presidentData.pdf, page 4>
Package pdftex.def Info: dataMaid_presidentData.pdf, page4 used on input line 1
401.
(pdftex.def)             Requested size: 430.00356pt x 556.4752pt.

Overfull \hbox (10.94998pt too wide) has occurred while \output is active
[] \T1/aer/m/n/10.95 33
 []

File: dataMaid_presidentData.pdf Graphic file (type pdf)
<use dataMaid_presidentData.pdf, page 4>
Package pdftex.def Info: dataMaid_presidentData.pdf, page4 used on input line 1
401.
(pdftex.def)             Requested size: 430.00356pt x 556.4752pt.
 [33]
File: dataMaid_presidentData.pdf Graphic file (type pdf)

<use dataMaid_presidentData.pdf, page 5>
Package pdftex.def Info: dataMaid_presidentData.pdf, page5 used on input line 1
401.
(pdftex.def)             Requested size: 430.00356pt x 556.4752pt.
File: dataMaid_presidentData.pdf Graphic file (type pdf)

<use dataMaid_presidentData.pdf, page 5>
Package pdftex.def Info: dataMaid_presidentData.pdf, page5 used on input line 1
401.
(pdftex.def)             Requested size: 430.00356pt x 556.4752pt.

Overfull \hbox (10.94998pt too wide) has occurred while \output is active
\T1/aer/m/n/10.95 34 []
 []

File: dataMaid_presidentData.pdf Graphic file (type pdf)
<use dataMaid_presidentData.pdf, page 5>
Package pdftex.def Info: dataMaid_presidentData.pdf, page5 used on input line 1
401.
(pdftex.def)             Requested size: 430.00356pt x 556.4752pt.
 [34]
File: dataMaid_presidentData.pdf Graphic file (type pdf)

<use dataMaid_presidentData.pdf, page 6>
Package pdftex.def Info: dataMaid_presidentData.pdf, page6 used on input line 1
401.
(pdftex.def)             Requested size: 430.00356pt x 556.4752pt.
File: dataMaid_presidentData.pdf Graphic file (type pdf)

<use dataMaid_presidentData.pdf, page 6>
Package pdftex.def Info: dataMaid_presidentData.pdf, page6 used on input line 1
401.
(pdftex.def)             Requested size: 430.00356pt x 556.4752pt.

Overfull \hbox (10.94998pt too wide) has occurred while \output is active
[] \T1/aer/m/n/10.95 35
 []

File: dataMaid_presidentData.pdf Graphic file (type pdf)
<use dataMaid_presidentData.pdf, page 6>
Package pdftex.def Info: dataMaid_presidentData.pdf, page6 used on input line 1
401.
(pdftex.def)             Requested size: 430.00356pt x 556.4752pt.
 [35]

Package xcolor Warning: Incompatible color definition on input line 1404.


Package xcolor Warning: Incompatible color definition on input line 1404.

LaTeX Font Info:    Font shape `T1/pzc/m/n' in size <13> not available
(Font)              Font shape `T1/pzc/mb/it' tried instead on input line 1404.


Package xcolor Warning: Incompatible color definition on input line 1404.


Package xcolor Warning: Incompatible color definition on input line 1404.


Package xcolor Warning: Incompatible color definition on input line 1404.


Overfull \hbox (10.94998pt too wide) has occurred while \output is active
\T1/aer/m/n/10.95 36 []
 []

[36]
Package atveryend Info: Empty hook `BeforeClearDocument' on input line 1404.
Package atveryend Info: Empty hook `AfterLastShipout' on input line 1404.
 (./article_vol3.aux)
Package atveryend Info: Executing hook `AtVeryEndDocument' on input line 1404.
Package atveryend Info: Executing hook `AtEndAfterFileList' on input line 1404.

Package rerunfilecheck Info: File `article_vol3.out' has not changed.
(rerunfilecheck)             Checksum: 048127CC396E7D85DDBC171A5443FE80;1849.
Package atveryend Info: Empty hook `AtVeryVeryEnd' on input line 1404.
 ) 
Here is how much of TeX's memory you used:
 19194 strings out of 492990
 361374 string characters out of 6132636
 463448 words of memory out of 5000000
 22235 multiletter control sequences out of 15000+600000
 62829 words of font info for 104 fonts, out of 8000000 for 9000
 1141 hyphenation exceptions out of 8191
 55i,20n,60p,1466b,835s stack positions out of 5000i,500n,10000p,200000b,80000s
{/usr/local/texlive/2017/texmf-dist/fonts/enc/dvips/cm-super/cm-super-ts1.enc
}{/usr/local/texlive/2017/texmf-dist/fonts/enc/dvips/base/8r.enc}</usr/local/te
xlive/2017/texmf-dist/fonts/type1/public/amsfonts/cm/cmb10.pfb></usr/local/texl
ive/2017/texmf-dist/fonts/type1/public/amsfonts/cm/cmbx10.pfb></usr/local/texli
ve/2017/texmf-dist/fonts/type1/public/amsfonts/cm/cmbx12.pfb></usr/local/texliv
e/2017/texmf-dist/fonts/type1/public/amsfonts/cm/cmbxsl10.pfb></usr/local/texli
ve/2017/texmf-dist/fonts/type1/public/amsfonts/cm/cmbxti10.pfb></usr/local/texl
ive/2017/texmf-dist/fonts/type1/public/amsfonts/cm/cmmi10.pfb></usr/local/texli
ve/2017/texmf-dist/fonts/type1/public/amsfonts/cm/cmr10.pfb></usr/local/texlive
/2017/texmf-dist/fonts/type1/public/amsfonts/cm/cmsl10.pfb></usr/local/texlive/
2017/texmf-dist/fonts/type1/public/amsfonts/cm/cmsltt10.pfb></usr/local/texlive
/2017/texmf-dist/fonts/type1/public/amsfonts/cm/cmss10.pfb></usr/local/texlive/
2017/texmf-dist/fonts/type1/public/amsfonts/cm/cmssbx10.pfb></usr/local/texlive
/2017/texmf-dist/fonts/type1/public/amsfonts/cm/cmssi10.pfb></usr/local/texlive
/2017/texmf-dist/fonts/type1/public/amsfonts/cm/cmsy10.pfb></usr/local/texlive/
2017/texmf-dist/fonts/type1/public/amsfonts/cm/cmti10.pfb></usr/local/texlive/2
017/texmf-dist/fonts/type1/public/amsfonts/cm/cmtt10.pfb></usr/local/texlive/20
17/texmf-dist/fonts/type1/public/lm/lmbx12.pfb></usr/local/texlive/2017/texmf-d
ist/fonts/type1/public/lm/lmr10.pfb></usr/local/texlive/2017/texmf-dist/fonts/t
ype1/public/lm/lmr12.pfb></usr/local/texlive/2017/texmf-dist/fonts/type1/public
/lm/lmr17.pfb></usr/local/texlive/2017/texmf-dist/fonts/type1/public/lm/lmri12.
pfb></usr/local/texlive/2017/texmf-dist/fonts/type1/public/lm/lmsy10.pfb></usr/
local/texlive/2017/texmf-dist/fonts/type1/public/lm/lmtt10.pfb></usr/local/texl
ive/2017/texmf-dist/fonts/type1/public/cm-super/sfrm1095.pfb></usr/local/texliv
e/2017/texmf-dist/fonts/type1/public/cm-super/sftt1000.pfb></usr/local/texlive/
2017/texmf-dist/fonts/type1/urw/zapfchan/uzcmi8a.pfb>
Output written on article_vol3.pdf (36 pages, 536095 bytes).
PDF statistics:
 607 PDF objects out of 1000 (max. 8388607)
 489 compressed objects within 5 object streams
 98 named destinations out of 1000 (max. 500000)
 230 words of extra memory for PDF output out of 10000 (max. 10000000)

